<?xml version="1.0" encoding="UTF-8"?>
<testsuite xmlns:xsi="http://www.w3.org/2001/XMLSchema-instance" xsi:noNamespaceSchemaLocation="https://maven.apache.org/surefire/maven-surefire-plugin/xsd/surefire-test-report.xsd" name="com.tco.misc.TestProcessTrip" time="0.009" tests="7" errors="0" skipped="0" failures="0">
  <properties>
[...]
</properties>
  <testcase name="testRestructurePlaces" classname="com.tco.misc.TestProcessTrip" time="0"/>
  <testcase name="testCorrectDistance" classname="com.tco.misc.TestProcessTrip" time="0"/>
  <testcase name="testMultiplePlaces" classname="com.tco.misc.TestProcessTrip" time="0.001"/>
  <testcase name="test2OpAlgorithm" classname="com.tco.misc.TestProcessTrip" time="0.001"/>
  <testcase name="test2opWith3Places" classname="com.tco.misc.TestProcessTrip" time="0.001"/>
  <testcase name="testNumDistances" classname="com.tco.misc.TestProcessTrip" time="0"/>
  <testcase name="testDistanceTable" classname="com.tco.misc.TestProcessTrip" time="0.001"/>
</testsuite>