{"/home/jbayless/Desktop/cs314/t09/client/src/entry.js": {"path":"/home/jbayless/Desktop/cs314/t09/client/src/entry.js","statementMap":{"0":{"start":{"line":8,"column":0},"end":{"line":8,"column":58}}},"fnMap":{},"branchMap":{},"s":{"0":0},"f":{},"b":{}}
,"/home/jbayless/Desktop/cs314/t09/client/src/components/App.js": {"path":"/home/jbayless/Desktop/cs314/t09/client/src/components/App.js","statementMap":{"0":{"start":{"line":10,"column":8},"end":{"line":14,"column":10}},"1":{"start":{"line":18,"column":26},"end":{"line":24,"column":1}},"2":{"start":{"line":20,"column":32},"end":{"line":20,"column":45}},"3":{"start":{"line":21,"column":27},"end":{"line":21,"column":103}},"4":{"start":{"line":21,"column":57},"end":{"line":21,"column":103}},"5":{"start":{"line":23,"column":4},"end":{"line":23,"column":51}}},"fnMap":{"0":{"name":"(anonymous_0)","decl":{"start":{"line":9,"column":4},"end":{"line":9,"column":5}},"loc":{"start":{"line":9,"column":13},"end":{"line":15,"column":5}},"line":9},"1":{"name":"(anonymous_1)","decl":{"start":{"line":18,"column":26},"end":{"line":18,"column":27}},"loc":{"start":{"line":18,"column":32},"end":{"line":24,"column":1}},"line":18},"2":{"name":"(anonymous_2)","decl":{"start":{"line":21,"column":27},"end":{"line":21,"column":28}},"loc":{"start":{"line":21,"column":57},"end":{"line":21,"column":103}},"line":21}},"branchMap":{"0":{"loc":{"start":{"line":21,"column":37},"end":{"line":21,"column":52}},"type":"default-arg","locations":[{"start":{"line":21,"column":45},"end":{"line":21,"column":52}}],"line":21}},"s":{"0":2,"1":1,"2":0,"3":0,"4":0,"5":0},"f":{"0":2,"1":0,"2":0},"b":{"0":[0]},"_coverageSchema":"1a1c01bbd47fc00a2c39e90264f33305004495a9","hash":"b77596cc9ac299cfbba8d098f2d77d0087aac551"}
,"/home/jbayless/Desktop/cs314/t09/client/src/components/Page.js": {"path":"/home/jbayless/Desktop/cs314/t09/client/src/components/Page.js","statementMap":{"0":{"start":{"line":17,"column":2},"end":{"line":17,"column":15}},"1":{"start":{"line":19,"column":2},"end":{"line":22,"column":4}},"2":{"start":{"line":24,"column":2},"end":{"line":24,"column":49}},"3":{"start":{"line":25,"column":2},"end":{"line":25,"column":79}},"4":{"start":{"line":27,"column":2},"end":{"line":31,"column":6}},"5":{"start":{"line":29,"column":4},"end":{"line":30,"column":100}},"6":{"start":{"line":29,"column":18},"end":{"line":29,"column":58}},"7":{"start":{"line":30,"column":11},"end":{"line":30,"column":98}},"8":{"start":{"line":35,"column":2},"end":{"line":45,"column":4}},"9":{"start":{"line":49,"column":2},"end":{"line":53,"column":4}},"10":{"start":{"line":57,"column":2},"end":{"line":62,"column":4}},"11":{"start":{"line":66,"column":2},"end":{"line":66,"column":52}},"12":{"start":{"line":70,"column":2},"end":{"line":74,"column":3}},"13":{"start":{"line":71,"column":3},"end":{"line":71,"column":88}},"14":{"start":{"line":73,"column":3},"end":{"line":73,"column":51}},"15":{"start":{"line":78,"column":2},"end":{"line":78,"column":73}},"16":{"start":{"line":79,"column":24},"end":{"line":79,"column":66}},"17":{"start":{"line":80,"column":2},"end":{"line":80,"column":51}},"18":{"start":{"line":84,"column":2},"end":{"line":84,"column":21}},"19":{"start":{"line":85,"column":24},"end":{"line":85,"column":64}},"20":{"start":{"line":86,"column":2},"end":{"line":86,"column":38}},"21":{"start":{"line":87,"column":2},"end":{"line":87,"column":51}},"22":{"start":{"line":88,"column":2},"end":{"line":88,"column":37}}},"fnMap":{"0":{"name":"(anonymous_0)","decl":{"start":{"line":16,"column":1},"end":{"line":16,"column":2}},"loc":{"start":{"line":16,"column":20},"end":{"line":32,"column":2}},"line":16},"1":{"name":"(anonymous_1)","decl":{"start":{"line":28,"column":9},"end":{"line":28,"column":10}},"loc":{"start":{"line":28,"column":19},"end":{"line":31,"column":4}},"line":28},"2":{"name":"(anonymous_2)","decl":{"start":{"line":34,"column":1},"end":{"line":34,"column":2}},"loc":{"start":{"line":34,"column":10},"end":{"line":46,"column":2}},"line":34},"3":{"name":"(anonymous_3)","decl":{"start":{"line":48,"column":1},"end":{"line":48,"column":2}},"loc":{"start":{"line":48,"column":15},"end":{"line":54,"column":2}},"line":48},"4":{"name":"(anonymous_4)","decl":{"start":{"line":56,"column":1},"end":{"line":56,"column":2}},"loc":{"start":{"line":56,"column":15},"end":{"line":63,"column":2}},"line":56},"5":{"name":"(anonymous_5)","decl":{"start":{"line":65,"column":1},"end":{"line":65,"column":2}},"loc":{"start":{"line":65,"column":15},"end":{"line":67,"column":2}},"line":65},"6":{"name":"(anonymous_6)","decl":{"start":{"line":69,"column":1},"end":{"line":69,"column":2}},"loc":{"start":{"line":69,"column":39},"end":{"line":75,"column":2}},"line":69},"7":{"name":"(anonymous_7)","decl":{"start":{"line":77,"column":1},"end":{"line":77,"column":2}},"loc":{"start":{"line":77,"column":79},"end":{"line":81,"column":2}},"line":77},"8":{"name":"(anonymous_8)","decl":{"start":{"line":83,"column":1},"end":{"line":83,"column":2}},"loc":{"start":{"line":83,"column":35},"end":{"line":89,"column":2}},"line":83}},"branchMap":{"0":{"loc":{"start":{"line":29,"column":4},"end":{"line":30,"column":100}},"type":"if","locations":[{"start":{"line":29,"column":4},"end":{"line":30,"column":100}},{"start":{"line":29,"column":4},"end":{"line":30,"column":100}}],"line":29},"1":{"loc":{"start":{"line":70,"column":2},"end":{"line":74,"column":3}},"type":"if","locations":[{"start":{"line":70,"column":2},"end":{"line":74,"column":3}},{"start":{"line":70,"column":2},"end":{"line":74,"column":3}}],"line":70},"2":{"loc":{"start":{"line":77,"column":36},"end":{"line":77,"column":77}},"type":"default-arg","locations":[{"start":{"line":77,"column":41},"end":{"line":77,"column":77}}],"line":77}},"s":{"0":1,"1":1,"2":1,"3":1,"4":1,"5":0,"6":0,"7":0,"8":2,"9":2,"10":2,"11":0,"12":0,"13":0,"14":0,"15":1,"16":1,"17":1,"18":0,"19":0,"20":0,"21":0,"22":0},"f":{"0":1,"1":0,"2":2,"3":2,"4":2,"5":0,"6":0,"7":1,"8":0},"b":{"0":[0,0],"1":[0,0],"2":[0]},"_coverageSchema":"1a1c01bbd47fc00a2c39e90264f33305004495a9","hash":"33f49dd316fc76b1c138d23e0386e1f7a4ef8345"}
,"/home/jbayless/Desktop/cs314/t09/client/src/components/About/About.js": {"path":"/home/jbayless/Desktop/cs314/t09/client/src/components/About/About.js","statementMap":{"0":{"start":{"line":11,"column":13},"end":{"line":20,"column":1}},"1":{"start":{"line":21,"column":13},"end":{"line":28,"column":1}},"2":{"start":{"line":29,"column":15},"end":{"line":36,"column":1}},"3":{"start":{"line":37,"column":16},"end":{"line":46,"column":1}},"4":{"start":{"line":47,"column":14},"end":{"line":56,"column":1}},"5":{"start":{"line":61,"column":8},"end":{"line":82,"column":9}},"6":{"start":{"line":86,"column":8},"end":{"line":96,"column":10}},"7":{"start":{"line":100,"column":8},"end":{"line":112,"column":10}}},"fnMap":{"0":{"name":"(anonymous_0)","decl":{"start":{"line":60,"column":4},"end":{"line":60,"column":5}},"loc":{"start":{"line":60,"column":13},"end":{"line":83,"column":5}},"line":60},"1":{"name":"(anonymous_1)","decl":{"start":{"line":85,"column":4},"end":{"line":85,"column":5}},"loc":{"start":{"line":85,"column":22},"end":{"line":97,"column":5}},"line":85},"2":{"name":"(anonymous_2)","decl":{"start":{"line":99,"column":4},"end":{"line":99,"column":5}},"loc":{"start":{"line":99,"column":32},"end":{"line":113,"column":5}},"line":99}},"branchMap":{},"s":{"0":2,"1":2,"2":2,"3":2,"4":2,"5":2,"6":2,"7":10},"f":{"0":2,"1":2,"2":10},"b":{},"_coverageSchema":"1a1c01bbd47fc00a2c39e90264f33305004495a9","hash":"2215bad92f19798b7ff872e50594d05fc0076bbc"}
,"/home/jbayless/Desktop/cs314/t09/client/src/components/Atlas/Atlas.js": {"path":"/home/jbayless/Desktop/cs314/t09/client/src/components/Atlas/Atlas.js","statementMap":{"0":{"start":{"line":25,"column":19},"end":{"line":25,"column":43}},"1":{"start":{"line":26,"column":27},"end":{"line":26,"column":47}},"2":{"start":{"line":27,"column":25},"end":{"line":27,"column":29}},"3":{"start":{"line":28,"column":20},"end":{"line":28,"column":88}},"4":{"start":{"line":29,"column":30},"end":{"line":29,"column":114}},"5":{"start":{"line":30,"column":22},"end":{"line":30,"column":74}},"6":{"start":{"line":31,"column":21},"end":{"line":31,"column":22}},"7":{"start":{"line":32,"column":21},"end":{"line":32,"column":23}},"8":{"start":{"line":33,"column":29},"end":{"line":33,"column":43}},"9":{"start":{"line":34,"column":30},"end":{"line":34,"column":102}},"10":{"start":{"line":39,"column":8},"end":{"line":39,"column":21}},"11":{"start":{"line":41,"column":8},"end":{"line":41,"column":51}},"12":{"start":{"line":42,"column":8},"end":{"line":42,"column":65}},"13":{"start":{"line":43,"column":8},"end":{"line":43,"column":71}},"14":{"start":{"line":44,"column":8},"end":{"line":44,"column":49}},"15":{"start":{"line":45,"column":8},"end":{"line":45,"column":67}},"16":{"start":{"line":46,"column":8},"end":{"line":46,"column":33}},"17":{"start":{"line":48,"column":8},"end":{"line":58,"column":10}},"18":{"start":{"line":62,"column":8},"end":{"line":75,"column":10}},"19":{"start":{"line":79,"column":8},"end":{"line":103,"column":10}},"20":{"start":{"line":107,"column":8},"end":{"line":112,"column":10}},"21":{"start":{"line":116,"column":8},"end":{"line":127,"column":10}},"22":{"start":{"line":131,"column":8},"end":{"line":135,"column":9}},"23":{"start":{"line":132,"column":12},"end":{"line":134,"column":14}},"24":{"start":{"line":139,"column":8},"end":{"line":148,"column":9}},"25":{"start":{"line":140,"column":30},"end":{"line":140,"column":32}},"26":{"start":{"line":141,"column":12},"end":{"line":146,"column":13}},"27":{"start":{"line":141,"column":25},"end":{"line":141,"column":26}},"28":{"start":{"line":142,"column":33},"end":{"line":142,"column":51}},"29":{"start":{"line":143,"column":16},"end":{"line":143,"column":61}},"30":{"start":{"line":144,"column":16},"end":{"line":144,"column":61}},"31":{"start":{"line":145,"column":16},"end":{"line":145,"column":95}},"32":{"start":{"line":147,"column":12},"end":{"line":147,"column":31}},"33":{"start":{"line":152,"column":8},"end":{"line":155,"column":9}},"34":{"start":{"line":153,"column":24},"end":{"line":153,"column":58}},"35":{"start":{"line":154,"column":12},"end":{"line":154,"column":31}},"36":{"start":{"line":159,"column":8},"end":{"line":169,"column":9}},"37":{"start":{"line":160,"column":28},"end":{"line":160,"column":30}},"38":{"start":{"line":161,"column":25},"end":{"line":161,"column":53}},"39":{"start":{"line":162,"column":12},"end":{"line":164,"column":117}},"40":{"start":{"line":162,"column":25},"end":{"line":162,"column":26}},"41":{"start":{"line":163,"column":16},"end":{"line":164,"column":117}},"42":{"start":{"line":165,"column":12},"end":{"line":167,"column":131}},"43":{"start":{"line":166,"column":16},"end":{"line":167,"column":131}},"44":{"start":{"line":168,"column":12},"end":{"line":168,"column":29}},"45":{"start":{"line":173,"column":8},"end":{"line":173,"column":58}},"46":{"start":{"line":177,"column":27},"end":{"line":181,"column":9}},"47":{"start":{"line":178,"column":12},"end":{"line":180,"column":13}},"48":{"start":{"line":179,"column":16},"end":{"line":179,"column":46}},"49":{"start":{"line":183,"column":8},"end":{"line":190,"column":9}},"50":{"start":{"line":184,"column":12},"end":{"line":189,"column":14}},"51":{"start":{"line":194,"column":8},"end":{"line":194,"column":78}},"52":{"start":{"line":198,"column":8},"end":{"line":200,"column":9}},"53":{"start":{"line":199,"column":12},"end":{"line":199,"column":19}},"54":{"start":{"line":201,"column":8},"end":{"line":214,"column":15}},"55":{"start":{"line":209,"column":16},"end":{"line":213,"column":17}},"56":{"start":{"line":210,"column":20},"end":{"line":210,"column":64}},"57":{"start":{"line":212,"column":20},"end":{"line":212,"column":60}},"58":{"start":{"line":218,"column":8},"end":{"line":223,"column":9}},"59":{"start":{"line":220,"column":12},"end":{"line":220,"column":64}},"60":{"start":{"line":222,"column":12},"end":{"line":222,"column":46}},"61":{"start":{"line":227,"column":8},"end":{"line":227,"column":52}},"62":{"start":{"line":228,"column":8},"end":{"line":228,"column":41}},"63":{"start":{"line":229,"column":8},"end":{"line":229,"column":42}},"64":{"start":{"line":230,"column":8},"end":{"line":235,"column":11}},"65":{"start":{"line":239,"column":8},"end":{"line":239,"column":51}},"66":{"start":{"line":240,"column":8},"end":{"line":240,"column":40}},"67":{"start":{"line":241,"column":8},"end":{"line":241,"column":41}},"68":{"start":{"line":242,"column":8},"end":{"line":247,"column":11}},"69":{"start":{"line":248,"column":8},"end":{"line":248,"column":116}},"70":{"start":{"line":252,"column":23},"end":{"line":252,"column":25}},"71":{"start":{"line":253,"column":8},"end":{"line":255,"column":9}},"72":{"start":{"line":253,"column":21},"end":{"line":253,"column":22}},"73":{"start":{"line":254,"column":12},"end":{"line":254,"column":103}},"74":{"start":{"line":256,"column":8},"end":{"line":258,"column":11}},"75":{"start":{"line":259,"column":8},"end":{"line":259,"column":32}},"76":{"start":{"line":263,"column":8},"end":{"line":268,"column":10}}},"fnMap":{"0":{"name":"(anonymous_0)","decl":{"start":{"line":38,"column":4},"end":{"line":38,"column":5}},"loc":{"start":{"line":38,"column":23},"end":{"line":59,"column":5}},"line":38},"1":{"name":"(anonymous_1)","decl":{"start":{"line":61,"column":4},"end":{"line":61,"column":5}},"loc":{"start":{"line":61,"column":13},"end":{"line":76,"column":5}},"line":61},"2":{"name":"(anonymous_2)","decl":{"start":{"line":78,"column":4},"end":{"line":78,"column":5}},"loc":{"start":{"line":78,"column":23},"end":{"line":104,"column":5}},"line":78},"3":{"name":"(anonymous_3)","decl":{"start":{"line":106,"column":4},"end":{"line":106,"column":5}},"loc":{"start":{"line":106,"column":24},"end":{"line":113,"column":5}},"line":106},"4":{"name":"(anonymous_4)","decl":{"start":{"line":115,"column":4},"end":{"line":115,"column":5}},"loc":{"start":{"line":115,"column":28},"end":{"line":128,"column":5}},"line":115},"5":{"name":"(anonymous_5)","decl":{"start":{"line":130,"column":4},"end":{"line":130,"column":5}},"loc":{"start":{"line":130,"column":38},"end":{"line":136,"column":5}},"line":130},"6":{"name":"(anonymous_6)","decl":{"start":{"line":138,"column":4},"end":{"line":138,"column":5}},"loc":{"start":{"line":138,"column":24},"end":{"line":149,"column":5}},"line":138},"7":{"name":"(anonymous_7)","decl":{"start":{"line":151,"column":4},"end":{"line":151,"column":5}},"loc":{"start":{"line":151,"column":20},"end":{"line":156,"column":5}},"line":151},"8":{"name":"(anonymous_8)","decl":{"start":{"line":158,"column":4},"end":{"line":158,"column":5}},"loc":{"start":{"line":158,"column":22},"end":{"line":170,"column":5}},"line":158},"9":{"name":"(anonymous_9)","decl":{"start":{"line":172,"column":4},"end":{"line":172,"column":5}},"loc":{"start":{"line":172,"column":28},"end":{"line":174,"column":5}},"line":172},"10":{"name":"(anonymous_10)","decl":{"start":{"line":176,"column":4},"end":{"line":176,"column":5}},"loc":{"start":{"line":176,"column":39},"end":{"line":191,"column":5}},"line":176},"11":{"name":"(anonymous_11)","decl":{"start":{"line":177,"column":27},"end":{"line":177,"column":28}},"loc":{"start":{"line":177,"column":34},"end":{"line":181,"column":9}},"line":177},"12":{"name":"(anonymous_12)","decl":{"start":{"line":193,"column":4},"end":{"line":193,"column":5}},"loc":{"start":{"line":193,"column":41},"end":{"line":195,"column":5}},"line":193},"13":{"name":"(anonymous_13)","decl":{"start":{"line":197,"column":4},"end":{"line":197,"column":5}},"loc":{"start":{"line":197,"column":36},"end":{"line":215,"column":5}},"line":197},"14":{"name":"(anonymous_14)","decl":{"start":{"line":208,"column":18},"end":{"line":208,"column":19}},"loc":{"start":{"line":208,"column":30},"end":{"line":214,"column":13}},"line":208},"15":{"name":"(anonymous_15)","decl":{"start":{"line":217,"column":4},"end":{"line":217,"column":5}},"loc":{"start":{"line":217,"column":38},"end":{"line":224,"column":5}},"line":217},"16":{"name":"(anonymous_16)","decl":{"start":{"line":226,"column":4},"end":{"line":226,"column":5}},"loc":{"start":{"line":226,"column":32},"end":{"line":236,"column":5}},"line":226},"17":{"name":"(anonymous_17)","decl":{"start":{"line":238,"column":4},"end":{"line":238,"column":5}},"loc":{"start":{"line":238,"column":38},"end":{"line":249,"column":5}},"line":238},"18":{"name":"(anonymous_18)","decl":{"start":{"line":251,"column":4},"end":{"line":251,"column":5}},"loc":{"start":{"line":251,"column":35},"end":{"line":260,"column":5}},"line":251},"19":{"name":"(anonymous_19)","decl":{"start":{"line":262,"column":4},"end":{"line":262,"column":5}},"loc":{"start":{"line":262,"column":15},"end":{"line":269,"column":5}},"line":262}},"branchMap":{"0":{"loc":{"start":{"line":131,"column":8},"end":{"line":135,"column":9}},"type":"if","locations":[{"start":{"line":131,"column":8},"end":{"line":135,"column":9}},{"start":{"line":131,"column":8},"end":{"line":135,"column":9}}],"line":131},"1":{"loc":{"start":{"line":131,"column":12},"end":{"line":131,"column":28}},"type":"binary-expr","locations":[{"start":{"line":131,"column":12},"end":{"line":131,"column":18}},{"start":{"line":131,"column":22},"end":{"line":131,"column":28}}],"line":131},"2":{"loc":{"start":{"line":139,"column":8},"end":{"line":148,"column":9}},"type":"if","locations":[{"start":{"line":139,"column":8},"end":{"line":148,"column":9}},{"start":{"line":139,"column":8},"end":{"line":148,"column":9}}],"line":139},"3":{"loc":{"start":{"line":152,"column":8},"end":{"line":155,"column":9}},"type":"if","locations":[{"start":{"line":152,"column":8},"end":{"line":155,"column":9}},{"start":{"line":152,"column":8},"end":{"line":155,"column":9}}],"line":152},"4":{"loc":{"start":{"line":159,"column":8},"end":{"line":169,"column":9}},"type":"if","locations":[{"start":{"line":159,"column":8},"end":{"line":169,"column":9}},{"start":{"line":159,"column":8},"end":{"line":169,"column":9}}],"line":159},"5":{"loc":{"start":{"line":165,"column":12},"end":{"line":167,"column":131}},"type":"if","locations":[{"start":{"line":165,"column":12},"end":{"line":167,"column":131}},{"start":{"line":165,"column":12},"end":{"line":167,"column":131}}],"line":165},"6":{"loc":{"start":{"line":178,"column":12},"end":{"line":180,"column":13}},"type":"if","locations":[{"start":{"line":178,"column":12},"end":{"line":180,"column":13}},{"start":{"line":178,"column":12},"end":{"line":180,"column":13}}],"line":178},"7":{"loc":{"start":{"line":183,"column":8},"end":{"line":190,"column":9}},"type":"if","locations":[{"start":{"line":183,"column":8},"end":{"line":190,"column":9}},{"start":{"line":183,"column":8},"end":{"line":190,"column":9}}],"line":183},"8":{"loc":{"start":{"line":198,"column":8},"end":{"line":200,"column":9}},"type":"if","locations":[{"start":{"line":198,"column":8},"end":{"line":200,"column":9}},{"start":{"line":198,"column":8},"end":{"line":200,"column":9}}],"line":198},"9":{"loc":{"start":{"line":198,"column":12},"end":{"line":198,"column":30}},"type":"binary-expr","locations":[{"start":{"line":198,"column":12},"end":{"line":198,"column":19}},{"start":{"line":198,"column":23},"end":{"line":198,"column":30}}],"line":198},"10":{"loc":{"start":{"line":209,"column":16},"end":{"line":213,"column":17}},"type":"if","locations":[{"start":{"line":209,"column":16},"end":{"line":213,"column":17}},{"start":{"line":209,"column":16},"end":{"line":213,"column":17}}],"line":209},"11":{"loc":{"start":{"line":218,"column":8},"end":{"line":223,"column":9}},"type":"if","locations":[{"start":{"line":218,"column":8},"end":{"line":223,"column":9}},{"start":{"line":218,"column":8},"end":{"line":223,"column":9}}],"line":218}},"s":{"0":3,"1":3,"2":3,"3":3,"4":3,"5":3,"6":3,"7":3,"8":3,"9":3,"10":3,"11":3,"12":3,"13":3,"14":3,"15":3,"16":3,"17":3,"18":5,"19":5,"20":5,"21":5,"22":5,"23":0,"24":5,"25":0,"26":0,"27":0,"28":0,"29":0,"30":0,"31":0,"32":0,"33":0,"34":0,"35":0,"36":5,"37":0,"38":0,"39":0,"40":0,"41":0,"42":0,"43":0,"44":0,"45":1,"46":25,"47":0,"48":0,"49":25,"50":1,"51":1,"52":0,"53":0,"54":0,"55":0,"56":0,"57":0,"58":0,"59":0,"60":0,"61":0,"62":0,"63":0,"64":0,"65":0,"66":0,"67":0,"68":0,"69":0,"70":0,"71":0,"72":0,"73":0,"74":0,"75":0,"76":0},"f":{"0":3,"1":5,"2":5,"3":5,"4":5,"5":5,"6":5,"7":0,"8":5,"9":1,"10":25,"11":0,"12":1,"13":0,"14":0,"15":0,"16":0,"17":0,"18":0,"19":0},"b":{"0":[0,5],"1":[5,0],"2":[0,5],"3":[0,0],"4":[0,5],"5":[0,0],"6":[0,0],"7":[1,24],"8":[0,0],"9":[0,0],"10":[0,0],"11":[0,0]},"_coverageSchema":"1a1c01bbd47fc00a2c39e90264f33305004495a9","hash":"6b9f2726f52a6cbb1640d1722712e08bd0204556"}
,"/home/jbayless/Desktop/cs314/t09/client/src/components/Atlas/GPS.js": {"path":"/home/jbayless/Desktop/cs314/t09/client/src/components/Atlas/GPS.js","statementMap":{"0":{"start":{"line":4,"column":27},"end":{"line":4,"column":41}},"1":{"start":{"line":6,"column":27},"end":{"line":6,"column":47}},"2":{"start":{"line":11,"column":8},"end":{"line":11,"column":21}},"3":{"start":{"line":13,"column":8},"end":{"line":13,"column":79}},"4":{"start":{"line":14,"column":8},"end":{"line":14,"column":85}},"5":{"start":{"line":16,"column":8},"end":{"line":19,"column":9}},"6":{"start":{"line":23,"column":8},"end":{"line":23,"column":39}},"7":{"start":{"line":28,"column":8},"end":{"line":30,"column":10}},"8":{"start":{"line":34,"column":8},"end":{"line":39,"column":10}},"9":{"start":{"line":43,"column":8},"end":{"line":45,"column":9}},"10":{"start":{"line":44,"column":12},"end":{"line":44,"column":145}},"11":{"start":{"line":49,"column":8},"end":{"line":49,"column":42}},"12":{"start":{"line":53,"column":8},"end":{"line":56,"column":27}},"13":{"start":{"line":60,"column":8},"end":{"line":60,"column":74}},"14":{"start":{"line":64,"column":8},"end":{"line":64,"column":79}}},"fnMap":{"0":{"name":"(anonymous_0)","decl":{"start":{"line":10,"column":4},"end":{"line":10,"column":5}},"loc":{"start":{"line":10,"column":23},"end":{"line":20,"column":5}},"line":10},"1":{"name":"(anonymous_1)","decl":{"start":{"line":22,"column":4},"end":{"line":22,"column":5}},"loc":{"start":{"line":22,"column":24},"end":{"line":24,"column":5}},"line":22},"2":{"name":"(anonymous_2)","decl":{"start":{"line":27,"column":4},"end":{"line":27,"column":5}},"loc":{"start":{"line":27,"column":13},"end":{"line":31,"column":5}},"line":27},"3":{"name":"(anonymous_3)","decl":{"start":{"line":33,"column":4},"end":{"line":33,"column":5}},"loc":{"start":{"line":33,"column":25},"end":{"line":40,"column":5}},"line":33},"4":{"name":"(anonymous_4)","decl":{"start":{"line":42,"column":4},"end":{"line":42,"column":5}},"loc":{"start":{"line":42,"column":30},"end":{"line":46,"column":5}},"line":42},"5":{"name":"(anonymous_5)","decl":{"start":{"line":48,"column":4},"end":{"line":48,"column":5}},"loc":{"start":{"line":48,"column":26},"end":{"line":50,"column":5}},"line":48},"6":{"name":"(anonymous_6)","decl":{"start":{"line":52,"column":4},"end":{"line":52,"column":5}},"loc":{"start":{"line":52,"column":41},"end":{"line":57,"column":5}},"line":52},"7":{"name":"(anonymous_7)","decl":{"start":{"line":59,"column":4},"end":{"line":59,"column":5}},"loc":{"start":{"line":59,"column":36},"end":{"line":61,"column":5}},"line":59},"8":{"name":"(anonymous_8)","decl":{"start":{"line":63,"column":4},"end":{"line":63,"column":5}},"loc":{"start":{"line":63,"column":16},"end":{"line":65,"column":5}},"line":63}},"branchMap":{"0":{"loc":{"start":{"line":43,"column":8},"end":{"line":45,"column":9}},"type":"if","locations":[{"start":{"line":43,"column":8},"end":{"line":45,"column":9}},{"start":{"line":43,"column":8},"end":{"line":45,"column":9}}],"line":43}},"s":{"0":4,"1":4,"2":2,"3":2,"4":2,"5":2,"6":2,"7":3,"8":3,"9":2,"10":0,"11":2,"12":0,"13":0,"14":0},"f":{"0":2,"1":2,"2":3,"3":3,"4":2,"5":2,"6":0,"7":0,"8":0},"b":{"0":[0,2]},"_coverageSchema":"1a1c01bbd47fc00a2c39e90264f33305004495a9","hash":"a92868d39d64370cb9046080959e87bee8f118ab"}
,"/home/jbayless/Desktop/cs314/t09/client/src/components/Atlas/Itinerary.js": {"path":"/home/jbayless/Desktop/cs314/t09/client/src/components/Atlas/Itinerary.js","statementMap":{"0":{"start":{"line":8,"column":8},"end":{"line":8,"column":21}},"1":{"start":{"line":9,"column":8},"end":{"line":12,"column":9}},"2":{"start":{"line":16,"column":8},"end":{"line":20,"column":10}},"3":{"start":{"line":24,"column":23},"end":{"line":24,"column":86}},"4":{"start":{"line":24,"column":29},"end":{"line":24,"column":86}},"5":{"start":{"line":25,"column":8},"end":{"line":39,"column":10}},"6":{"start":{"line":43,"column":8},"end":{"line":61,"column":10}},"7":{"start":{"line":65,"column":8},"end":{"line":66,"column":19}},"8":{"start":{"line":66,"column":12},"end":{"line":66,"column":19}},"9":{"start":{"line":67,"column":28},"end":{"line":67,"column":30}},"10":{"start":{"line":68,"column":26},"end":{"line":68,"column":27}},"11":{"start":{"line":69,"column":27},"end":{"line":69,"column":29}},"12":{"start":{"line":70,"column":30},"end":{"line":70,"column":32}},"13":{"start":{"line":71,"column":23},"end":{"line":71,"column":24}},"14":{"start":{"line":72,"column":24},"end":{"line":72,"column":25}},"15":{"start":{"line":73,"column":8},"end":{"line":73,"column":41}},"16":{"start":{"line":74,"column":8},"end":{"line":88,"column":9}},"17":{"start":{"line":74,"column":21},"end":{"line":74,"column":22}},"18":{"start":{"line":75,"column":12},"end":{"line":75,"column":62}},"19":{"start":{"line":76,"column":12},"end":{"line":76,"column":64}},"20":{"start":{"line":77,"column":12},"end":{"line":77,"column":77}},"21":{"start":{"line":78,"column":12},"end":{"line":87,"column":15}},"22":{"start":{"line":79,"column":16},"end":{"line":79,"column":63}},"23":{"start":{"line":80,"column":16},"end":{"line":80,"column":66}},"24":{"start":{"line":81,"column":16},"end":{"line":81,"column":41}},"25":{"start":{"line":82,"column":16},"end":{"line":86,"column":27}},"26":{"start":{"line":89,"column":8},"end":{"line":89,"column":31}},"27":{"start":{"line":93,"column":8},"end":{"line":98,"column":14}},"28":{"start":{"line":94,"column":12},"end":{"line":98,"column":14}},"29":{"start":{"line":101,"column":24},"end":{"line":115,"column":5}},"30":{"start":{"line":104,"column":29},"end":{"line":104,"column":65}},"31":{"start":{"line":105,"column":25},"end":{"line":105,"column":57}},"32":{"start":{"line":106,"column":8},"end":{"line":106,"column":43}},"33":{"start":{"line":108,"column":28},"end":{"line":108,"column":63}},"34":{"start":{"line":109,"column":32},"end":{"line":109,"column":71}},"35":{"start":{"line":110,"column":8},"end":{"line":110,"column":49}},"36":{"start":{"line":112,"column":8},"end":{"line":112,"column":58}},"37":{"start":{"line":113,"column":8},"end":{"line":113,"column":52}},"38":{"start":{"line":114,"column":8},"end":{"line":114,"column":66}}},"fnMap":{"0":{"name":"(anonymous_0)","decl":{"start":{"line":7,"column":4},"end":{"line":7,"column":5}},"loc":{"start":{"line":7,"column":23},"end":{"line":13,"column":5}},"line":7},"1":{"name":"(anonymous_1)","decl":{"start":{"line":15,"column":4},"end":{"line":15,"column":5}},"loc":{"start":{"line":15,"column":13},"end":{"line":21,"column":5}},"line":15},"2":{"name":"(anonymous_2)","decl":{"start":{"line":23,"column":4},"end":{"line":23,"column":5}},"loc":{"start":{"line":23,"column":18},"end":{"line":40,"column":5}},"line":23},"3":{"name":"(anonymous_3)","decl":{"start":{"line":24,"column":23},"end":{"line":24,"column":24}},"loc":{"start":{"line":24,"column":29},"end":{"line":24,"column":86}},"line":24},"4":{"name":"(anonymous_4)","decl":{"start":{"line":42,"column":4},"end":{"line":42,"column":5}},"loc":{"start":{"line":42,"column":22},"end":{"line":62,"column":5}},"line":42},"5":{"name":"(anonymous_5)","decl":{"start":{"line":64,"column":4},"end":{"line":64,"column":5}},"loc":{"start":{"line":64,"column":26},"end":{"line":90,"column":5}},"line":64},"6":{"name":"(anonymous_6)","decl":{"start":{"line":78,"column":64},"end":{"line":78,"column":65}},"loc":{"start":{"line":78,"column":74},"end":{"line":87,"column":13}},"line":78},"7":{"name":"(anonymous_7)","decl":{"start":{"line":92,"column":4},"end":{"line":92,"column":5}},"loc":{"start":{"line":92,"column":26},"end":{"line":99,"column":5}},"line":92},"8":{"name":"(anonymous_8)","decl":{"start":{"line":101,"column":24},"end":{"line":101,"column":25}},"loc":{"start":{"line":101,"column":30},"end":{"line":115,"column":5}},"line":101}},"branchMap":{"0":{"loc":{"start":{"line":65,"column":8},"end":{"line":66,"column":19}},"type":"if","locations":[{"start":{"line":65,"column":8},"end":{"line":66,"column":19}},{"start":{"line":65,"column":8},"end":{"line":66,"column":19}}],"line":65},"1":{"loc":{"start":{"line":93,"column":8},"end":{"line":98,"column":14}},"type":"if","locations":[{"start":{"line":93,"column":8},"end":{"line":98,"column":14}},{"start":{"line":93,"column":8},"end":{"line":98,"column":14}}],"line":93}},"s":{"0":1,"1":1,"2":2,"3":2,"4":0,"5":2,"6":2,"7":2,"8":2,"9":0,"10":0,"11":0,"12":0,"13":0,"14":0,"15":0,"16":0,"17":0,"18":0,"19":0,"20":0,"21":0,"22":0,"23":0,"24":0,"25":0,"26":0,"27":2,"28":0,"29":1,"30":0,"31":0,"32":0,"33":0,"34":0,"35":0,"36":0,"37":0,"38":0},"f":{"0":1,"1":2,"2":2,"3":0,"4":2,"5":2,"6":0,"7":2,"8":0},"b":{"0":[2,0],"1":[0,2]},"_coverageSchema":"1a1c01bbd47fc00a2c39e90264f33305004495a9","hash":"8ee2c85881a9624fa6a819eb93060cc991ecbe50"}
,"/home/jbayless/Desktop/cs314/t09/client/src/components/Atlas/ModifyTrip.js": {"path":"/home/jbayless/Desktop/cs314/t09/client/src/components/Atlas/ModifyTrip.js","statementMap":{"0":{"start":{"line":7,"column":8},"end":{"line":7,"column":21}},"1":{"start":{"line":8,"column":8},"end":{"line":10,"column":9}},"2":{"start":{"line":14,"column":8},"end":{"line":18,"column":10}},"3":{"start":{"line":22,"column":8},"end":{"line":22,"column":58}},"4":{"start":{"line":26,"column":18},"end":{"line":26,"column":40}},"5":{"start":{"line":27,"column":8},"end":{"line":27,"column":62}},"6":{"start":{"line":31,"column":8},"end":{"line":37,"column":9}},"7":{"start":{"line":32,"column":27},"end":{"line":32,"column":61}},"8":{"start":{"line":33,"column":12},"end":{"line":33,"column":35}},"9":{"start":{"line":34,"column":12},"end":{"line":34,"column":45}},"10":{"start":{"line":36,"column":12},"end":{"line":36,"column":21}},"11":{"start":{"line":40,"column":21},"end":{"line":54,"column":5}},"12":{"start":{"line":41,"column":8},"end":{"line":41,"column":42}},"13":{"start":{"line":42,"column":8},"end":{"line":53,"column":9}},"14":{"start":{"line":43,"column":24},"end":{"line":43,"column":47}},"15":{"start":{"line":44,"column":12},"end":{"line":51,"column":13}},"16":{"start":{"line":45,"column":16},"end":{"line":45,"column":53}},"17":{"start":{"line":46,"column":16},"end":{"line":46,"column":87}},"18":{"start":{"line":49,"column":16},"end":{"line":49,"column":70}},"19":{"start":{"line":50,"column":16},"end":{"line":50,"column":87}},"20":{"start":{"line":52,"column":12},"end":{"line":52,"column":38}},"21":{"start":{"line":57,"column":8},"end":{"line":65,"column":10}},"22":{"start":{"line":69,"column":8},"end":{"line":69,"column":77}},"23":{"start":{"line":70,"column":8},"end":{"line":70,"column":34}},"24":{"start":{"line":73,"column":8},"end":{"line":73,"column":42}},"25":{"start":{"line":74,"column":8},"end":{"line":74,"column":38}},"26":{"start":{"line":77,"column":19},"end":{"line":77,"column":46}},"27":{"start":{"line":78,"column":8},"end":{"line":78,"column":66}},"28":{"start":{"line":79,"column":8},"end":{"line":79,"column":43}},"29":{"start":{"line":82,"column":13},"end":{"line":89,"column":5}},"30":{"start":{"line":83,"column":20},"end":{"line":83,"column":36}},"31":{"start":{"line":84,"column":8},"end":{"line":87,"column":9}},"32":{"start":{"line":86,"column":12},"end":{"line":86,"column":46}},"33":{"start":{"line":88,"column":8},"end":{"line":88,"column":34}},"34":{"start":{"line":91,"column":15},"end":{"line":98,"column":5}},"35":{"start":{"line":92,"column":20},"end":{"line":92,"column":36}},"36":{"start":{"line":93,"column":8},"end":{"line":96,"column":9}},"37":{"start":{"line":95,"column":12},"end":{"line":95,"column":47}},"38":{"start":{"line":97,"column":8},"end":{"line":97,"column":34}},"39":{"start":{"line":100,"column":24},"end":{"line":115,"column":5}},"40":{"start":{"line":101,"column":36},"end":{"line":103,"column":9}},"41":{"start":{"line":102,"column":12},"end":{"line":102,"column":61}},"42":{"start":{"line":104,"column":8},"end":{"line":114,"column":10}},"43":{"start":{"line":118,"column":8},"end":{"line":132,"column":10}},"44":{"start":{"line":123,"column":42},"end":{"line":123,"column":88}}},"fnMap":{"0":{"name":"(anonymous_0)","decl":{"start":{"line":6,"column":4},"end":{"line":6,"column":5}},"loc":{"start":{"line":6,"column":23},"end":{"line":11,"column":5}},"line":6},"1":{"name":"(anonymous_1)","decl":{"start":{"line":13,"column":4},"end":{"line":13,"column":5}},"loc":{"start":{"line":13,"column":12},"end":{"line":19,"column":5}},"line":13},"2":{"name":"(anonymous_2)","decl":{"start":{"line":21,"column":4},"end":{"line":21,"column":5}},"loc":{"start":{"line":21,"column":19},"end":{"line":23,"column":5}},"line":21},"3":{"name":"(anonymous_3)","decl":{"start":{"line":25,"column":4},"end":{"line":25,"column":5}},"loc":{"start":{"line":25,"column":22},"end":{"line":28,"column":5}},"line":25},"4":{"name":"(anonymous_4)","decl":{"start":{"line":30,"column":4},"end":{"line":30,"column":5}},"loc":{"start":{"line":30,"column":22},"end":{"line":38,"column":5}},"line":30},"5":{"name":"(anonymous_5)","decl":{"start":{"line":40,"column":21},"end":{"line":40,"column":22}},"loc":{"start":{"line":40,"column":27},"end":{"line":54,"column":5}},"line":40},"6":{"name":"(anonymous_6)","decl":{"start":{"line":56,"column":4},"end":{"line":56,"column":5}},"loc":{"start":{"line":56,"column":37},"end":{"line":66,"column":5}},"line":56},"7":{"name":"(anonymous_7)","decl":{"start":{"line":68,"column":4},"end":{"line":68,"column":5}},"loc":{"start":{"line":68,"column":25},"end":{"line":71,"column":5}},"line":68},"8":{"name":"(anonymous_8)","decl":{"start":{"line":72,"column":4},"end":{"line":72,"column":5}},"loc":{"start":{"line":72,"column":15},"end":{"line":75,"column":5}},"line":72},"9":{"name":"(anonymous_9)","decl":{"start":{"line":76,"column":4},"end":{"line":76,"column":5}},"loc":{"start":{"line":76,"column":30},"end":{"line":80,"column":5}},"line":76},"10":{"name":"(anonymous_10)","decl":{"start":{"line":82,"column":13},"end":{"line":82,"column":14}},"loc":{"start":{"line":82,"column":19},"end":{"line":89,"column":5}},"line":82},"11":{"name":"(anonymous_11)","decl":{"start":{"line":91,"column":15},"end":{"line":91,"column":16}},"loc":{"start":{"line":91,"column":21},"end":{"line":98,"column":5}},"line":91},"12":{"name":"(anonymous_12)","decl":{"start":{"line":100,"column":24},"end":{"line":100,"column":25}},"loc":{"start":{"line":100,"column":30},"end":{"line":115,"column":5}},"line":100},"13":{"name":"(anonymous_13)","decl":{"start":{"line":101,"column":36},"end":{"line":101,"column":37}},"loc":{"start":{"line":101,"column":42},"end":{"line":103,"column":9}},"line":101},"14":{"name":"(anonymous_14)","decl":{"start":{"line":117,"column":4},"end":{"line":117,"column":5}},"loc":{"start":{"line":117,"column":21},"end":{"line":133,"column":5}},"line":117},"15":{"name":"(anonymous_15)","decl":{"start":{"line":123,"column":37},"end":{"line":123,"column":38}},"loc":{"start":{"line":123,"column":42},"end":{"line":123,"column":88}},"line":123}},"branchMap":{"0":{"loc":{"start":{"line":27,"column":15},"end":{"line":27,"column":61}},"type":"cond-expr","locations":[{"start":{"line":27,"column":29},"end":{"line":27,"column":30}},{"start":{"line":27,"column":33},"end":{"line":27,"column":61}}],"line":27},"1":{"loc":{"start":{"line":27,"column":33},"end":{"line":27,"column":61}},"type":"cond-expr","locations":[{"start":{"line":27,"column":49},"end":{"line":27,"column":52}},{"start":{"line":27,"column":55},"end":{"line":27,"column":61}}],"line":27},"2":{"loc":{"start":{"line":31,"column":8},"end":{"line":37,"column":9}},"type":"if","locations":[{"start":{"line":31,"column":8},"end":{"line":37,"column":9}},{"start":{"line":31,"column":8},"end":{"line":37,"column":9}}],"line":31},"3":{"loc":{"start":{"line":42,"column":8},"end":{"line":53,"column":9}},"type":"if","locations":[{"start":{"line":42,"column":8},"end":{"line":53,"column":9}},{"start":{"line":42,"column":8},"end":{"line":53,"column":9}}],"line":42},"4":{"loc":{"start":{"line":44,"column":12},"end":{"line":51,"column":13}},"type":"if","locations":[{"start":{"line":44,"column":12},"end":{"line":51,"column":13}},{"start":{"line":44,"column":12},"end":{"line":51,"column":13}}],"line":44},"5":{"loc":{"start":{"line":84,"column":8},"end":{"line":87,"column":9}},"type":"if","locations":[{"start":{"line":84,"column":8},"end":{"line":87,"column":9}},{"start":{"line":84,"column":8},"end":{"line":87,"column":9}}],"line":84},"6":{"loc":{"start":{"line":84,"column":12},"end":{"line":84,"column":59}},"type":"binary-expr","locations":[{"start":{"line":84,"column":12},"end":{"line":84,"column":43}},{"start":{"line":84,"column":47},"end":{"line":84,"column":59}}],"line":84},"7":{"loc":{"start":{"line":93,"column":8},"end":{"line":96,"column":9}},"type":"if","locations":[{"start":{"line":93,"column":8},"end":{"line":96,"column":9}},{"start":{"line":93,"column":8},"end":{"line":96,"column":9}}],"line":93}},"s":{"0":0,"1":0,"2":0,"3":0,"4":0,"5":0,"6":0,"7":0,"8":0,"9":0,"10":0,"11":0,"12":0,"13":0,"14":0,"15":0,"16":0,"17":0,"18":0,"19":0,"20":0,"21":0,"22":0,"23":0,"24":0,"25":0,"26":0,"27":0,"28":0,"29":0,"30":0,"31":0,"32":0,"33":0,"34":0,"35":0,"36":0,"37":0,"38":0,"39":0,"40":0,"41":0,"42":0,"43":0,"44":0},"f":{"0":0,"1":0,"2":0,"3":0,"4":0,"5":0,"6":0,"7":0,"8":0,"9":0,"10":0,"11":0,"12":0,"13":0,"14":0,"15":0},"b":{"0":[0,0],"1":[0,0],"2":[0,0],"3":[0,0],"4":[0,0],"5":[0,0],"6":[0,0],"7":[0,0]},"_coverageSchema":"1a1c01bbd47fc00a2c39e90264f33305004495a9","hash":"dca212e7564b575c82fc0c722e092d889a2ec400"}
,"/home/jbayless/Desktop/cs314/t09/client/src/components/Atlas/NavigationBar.js": {"path":"/home/jbayless/Desktop/cs314/t09/client/src/components/Atlas/NavigationBar.js","statementMap":{"0":{"start":{"line":10,"column":15},"end":{"line":10,"column":29}},"1":{"start":{"line":11,"column":17},"end":{"line":11,"column":37}},"2":{"start":{"line":12,"column":13},"end":{"line":12,"column":27}},"3":{"start":{"line":17,"column":8},"end":{"line":17,"column":21}},"4":{"start":{"line":21,"column":8},"end":{"line":29,"column":10}},"5":{"start":{"line":33,"column":8},"end":{"line":40,"column":10}},"6":{"start":{"line":44,"column":8},"end":{"line":48,"column":10}},"7":{"start":{"line":52,"column":8},"end":{"line":60,"column":10}},"8":{"start":{"line":64,"column":8},"end":{"line":72,"column":10}},"9":{"start":{"line":76,"column":8},"end":{"line":81,"column":10}}},"fnMap":{"0":{"name":"(anonymous_0)","decl":{"start":{"line":16,"column":4},"end":{"line":16,"column":5}},"loc":{"start":{"line":16,"column":23},"end":{"line":18,"column":5}},"line":16},"1":{"name":"(anonymous_1)","decl":{"start":{"line":20,"column":4},"end":{"line":20,"column":5}},"loc":{"start":{"line":20,"column":13},"end":{"line":30,"column":5}},"line":20},"2":{"name":"(anonymous_2)","decl":{"start":{"line":32,"column":4},"end":{"line":32,"column":5}},"loc":{"start":{"line":32,"column":28},"end":{"line":41,"column":5}},"line":32},"3":{"name":"(anonymous_3)","decl":{"start":{"line":43,"column":4},"end":{"line":43,"column":5}},"loc":{"start":{"line":43,"column":22},"end":{"line":49,"column":5}},"line":43},"4":{"name":"(anonymous_4)","decl":{"start":{"line":51,"column":4},"end":{"line":51,"column":5}},"loc":{"start":{"line":51,"column":24},"end":{"line":61,"column":5}},"line":51},"5":{"name":"(anonymous_5)","decl":{"start":{"line":63,"column":4},"end":{"line":63,"column":5}},"loc":{"start":{"line":63,"column":20},"end":{"line":73,"column":5}},"line":63},"6":{"name":"(anonymous_6)","decl":{"start":{"line":75,"column":4},"end":{"line":75,"column":5}},"loc":{"start":{"line":75,"column":28},"end":{"line":82,"column":5}},"line":75}},"branchMap":{},"s":{"0":4,"1":4,"2":4,"3":1,"4":2,"5":6,"6":2,"7":2,"8":2,"9":2},"f":{"0":1,"1":2,"2":6,"3":2,"4":2,"5":2,"6":2},"b":{},"_coverageSchema":"1a1c01bbd47fc00a2c39e90264f33305004495a9","hash":"6cefd554aeb0fc8a766c2d1bb2c55faea122965d"}
,"/home/jbayless/Desktop/cs314/t09/client/src/components/Atlas/ReverseGeocode.js": {"path":"/home/jbayless/Desktop/cs314/t09/client/src/components/Atlas/ReverseGeocode.js","statementMap":{"0":{"start":{"line":5,"column":4},"end":{"line":20,"column":6}},"1":{"start":{"line":6,"column":20},"end":{"line":6,"column":161}},"2":{"start":{"line":7,"column":8},"end":{"line":19,"column":14}},"3":{"start":{"line":8,"column":25},"end":{"line":8,"column":35}},"4":{"start":{"line":10,"column":16},"end":{"line":14,"column":17}},"5":{"start":{"line":11,"column":20},"end":{"line":11,"column":86}},"6":{"start":{"line":13,"column":20},"end":{"line":13,"column":29}},"7":{"start":{"line":17,"column":16},"end":{"line":17,"column":68}},"8":{"start":{"line":18,"column":16},"end":{"line":18,"column":25}}},"fnMap":{"0":{"name":"getAddressFromCoordinates","decl":{"start":{"line":4,"column":16},"end":{"line":4,"column":41}},"loc":{"start":{"line":4,"column":63},"end":{"line":21,"column":1}},"line":4},"1":{"name":"(anonymous_1)","decl":{"start":{"line":5,"column":23},"end":{"line":5,"column":24}},"loc":{"start":{"line":5,"column":36},"end":{"line":20,"column":5}},"line":5},"2":{"name":"(anonymous_2)","decl":{"start":{"line":8,"column":18},"end":{"line":8,"column":19}},"loc":{"start":{"line":8,"column":25},"end":{"line":8,"column":35}},"line":8},"3":{"name":"(anonymous_3)","decl":{"start":{"line":9,"column":18},"end":{"line":9,"column":19}},"loc":{"start":{"line":9,"column":31},"end":{"line":15,"column":13}},"line":9},"4":{"name":"(anonymous_4)","decl":{"start":{"line":16,"column":19},"end":{"line":16,"column":20}},"loc":{"start":{"line":16,"column":26},"end":{"line":19,"column":13}},"line":16}},"branchMap":{"0":{"loc":{"start":{"line":10,"column":16},"end":{"line":14,"column":17}},"type":"if","locations":[{"start":{"line":10,"column":16},"end":{"line":14,"column":17}},{"start":{"line":10,"column":16},"end":{"line":14,"column":17}}],"line":10},"1":{"loc":{"start":{"line":10,"column":20},"end":{"line":10,"column":47}},"type":"binary-expr","locations":[{"start":{"line":10,"column":20},"end":{"line":10,"column":27}},{"start":{"line":10,"column":31},"end":{"line":10,"column":47}}],"line":10}},"s":{"0":0,"1":0,"2":0,"3":0,"4":0,"5":0,"6":0,"7":0,"8":0},"f":{"0":0,"1":0,"2":0,"3":0,"4":0},"b":{"0":[0,0],"1":[0,0]},"_coverageSchema":"1a1c01bbd47fc00a2c39e90264f33305004495a9","hash":"5bb64f7ef2278907eab83e2521eb39659300ab6c"}
,"/home/jbayless/Desktop/cs314/t09/client/src/components/Atlas/SaveLoad.js": {"path":"/home/jbayless/Desktop/cs314/t09/client/src/components/Atlas/SaveLoad.js","statementMap":{"0":{"start":{"line":10,"column":17},"end":{"line":10,"column":24}},"1":{"start":{"line":11,"column":18},"end":{"line":11,"column":36}},"2":{"start":{"line":12,"column":16},"end":{"line":12,"column":22}},"3":{"start":{"line":13,"column":17},"end":{"line":13,"column":27}},"4":{"start":{"line":14,"column":16},"end":{"line":14,"column":22}},"5":{"start":{"line":15,"column":17},"end":{"line":15,"column":55}},"6":{"start":{"line":16,"column":16},"end":{"line":16,"column":22}},"7":{"start":{"line":17,"column":17},"end":{"line":17,"column":32}},"8":{"start":{"line":18,"column":14},"end":{"line":18,"column":19}},"9":{"start":{"line":19,"column":15},"end":{"line":19,"column":19}},"10":{"start":{"line":20,"column":15},"end":{"line":20,"column":28}},"11":{"start":{"line":25,"column":8},"end":{"line":25,"column":21}},"12":{"start":{"line":27,"column":8},"end":{"line":30,"column":9}},"13":{"start":{"line":32,"column":8},"end":{"line":32,"column":49}},"14":{"start":{"line":33,"column":8},"end":{"line":33,"column":31}},"15":{"start":{"line":37,"column":8},"end":{"line":46,"column":10}},"16":{"start":{"line":50,"column":23},"end":{"line":50,"column":70}},"17":{"start":{"line":50,"column":29},"end":{"line":50,"column":70}},"18":{"start":{"line":51,"column":8},"end":{"line":65,"column":10}},"19":{"start":{"line":69,"column":23},"end":{"line":69,"column":76}},"20":{"start":{"line":69,"column":30},"end":{"line":69,"column":76}},"21":{"start":{"line":70,"column":8},"end":{"line":82,"column":10}},"22":{"start":{"line":86,"column":25},"end":{"line":86,"column":79}},"23":{"start":{"line":86,"column":31},"end":{"line":86,"column":79}},"24":{"start":{"line":87,"column":8},"end":{"line":89,"column":10}},"25":{"start":{"line":93,"column":32},"end":{"line":93,"column":75}},"26":{"start":{"line":93,"column":38},"end":{"line":93,"column":75}},"27":{"start":{"line":94,"column":8},"end":{"line":100,"column":9}},"28":{"start":{"line":103,"column":26},"end":{"line":127,"column":5}},"29":{"start":{"line":104,"column":24},"end":{"line":104,"column":28}},"30":{"start":{"line":105,"column":8},"end":{"line":110,"column":9}},"31":{"start":{"line":106,"column":12},"end":{"line":106,"column":58}},"32":{"start":{"line":108,"column":12},"end":{"line":108,"column":69}},"33":{"start":{"line":109,"column":12},"end":{"line":109,"column":19}},"34":{"start":{"line":111,"column":23},"end":{"line":111,"column":25}},"35":{"start":{"line":112,"column":8},"end":{"line":126,"column":9}},"36":{"start":{"line":113,"column":12},"end":{"line":113,"column":64}},"37":{"start":{"line":114,"column":12},"end":{"line":114,"column":55}},"38":{"start":{"line":115,"column":12},"end":{"line":115,"column":59}},"39":{"start":{"line":117,"column":12},"end":{"line":117,"column":57}},"40":{"start":{"line":118,"column":12},"end":{"line":118,"column":52}},"41":{"start":{"line":119,"column":12},"end":{"line":122,"column":13}},"42":{"start":{"line":119,"column":29},"end":{"line":119,"column":30}},"43":{"start":{"line":120,"column":31},"end":{"line":120,"column":54}},"44":{"start":{"line":121,"column":16},"end":{"line":121,"column":123}},"45":{"start":{"line":123,"column":12},"end":{"line":123,"column":48}},"46":{"start":{"line":125,"column":12},"end":{"line":125,"column":69}},"47":{"start":{"line":129,"column":26},"end":{"line":137,"column":5}},"48":{"start":{"line":130,"column":8},"end":{"line":136,"column":9}},"49":{"start":{"line":131,"column":12},"end":{"line":131,"column":46}},"50":{"start":{"line":132,"column":12},"end":{"line":132,"column":64}},"51":{"start":{"line":133,"column":12},"end":{"line":133,"column":61}},"52":{"start":{"line":135,"column":12},"end":{"line":135,"column":65}},"53":{"start":{"line":140,"column":27},"end":{"line":140,"column":29}},"54":{"start":{"line":141,"column":23},"end":{"line":141,"column":25}},"55":{"start":{"line":142,"column":8},"end":{"line":159,"column":9}},"56":{"start":{"line":144,"column":16},"end":{"line":144,"column":67}},"57":{"start":{"line":145,"column":16},"end":{"line":145,"column":37}},"58":{"start":{"line":146,"column":16},"end":{"line":146,"column":22}},"59":{"start":{"line":148,"column":16},"end":{"line":148,"column":74}},"60":{"start":{"line":149,"column":16},"end":{"line":149,"column":36}},"61":{"start":{"line":150,"column":16},"end":{"line":150,"column":22}},"62":{"start":{"line":152,"column":16},"end":{"line":152,"column":74}},"63":{"start":{"line":153,"column":16},"end":{"line":153,"column":36}},"64":{"start":{"line":154,"column":16},"end":{"line":154,"column":22}},"65":{"start":{"line":156,"column":16},"end":{"line":156,"column":74}},"66":{"start":{"line":157,"column":16},"end":{"line":157,"column":36}},"67":{"start":{"line":158,"column":16},"end":{"line":158,"column":22}},"68":{"start":{"line":160,"column":8},"end":{"line":160,"column":82}},"69":{"start":{"line":164,"column":18},"end":{"line":164,"column":45}},"70":{"start":{"line":165,"column":8},"end":{"line":177,"column":9}},"71":{"start":{"line":167,"column":23},"end":{"line":167,"column":47}},"72":{"start":{"line":168,"column":12},"end":{"line":168,"column":36}},"73":{"start":{"line":169,"column":12},"end":{"line":169,"column":39}},"74":{"start":{"line":170,"column":12},"end":{"line":170,"column":27}},"75":{"start":{"line":171,"column":12},"end":{"line":176,"column":13}},"76":{"start":{"line":171,"column":25},"end":{"line":171,"column":26}},"77":{"start":{"line":172,"column":29},"end":{"line":172,"column":51}},"78":{"start":{"line":173,"column":16},"end":{"line":173,"column":64}},"79":{"start":{"line":174,"column":16},"end":{"line":174,"column":52}},"80":{"start":{"line":175,"column":16},"end":{"line":175,"column":47}},"81":{"start":{"line":178,"column":8},"end":{"line":178,"column":19}},"82":{"start":{"line":182,"column":18},"end":{"line":182,"column":24}},"83":{"start":{"line":183,"column":8},"end":{"line":191,"column":9}},"84":{"start":{"line":184,"column":29},"end":{"line":184,"column":55}},"85":{"start":{"line":185,"column":12},"end":{"line":188,"column":13}},"86":{"start":{"line":185,"column":25},"end":{"line":185,"column":26}},"87":{"start":{"line":186,"column":16},"end":{"line":186,"column":61}},"88":{"start":{"line":187,"column":16},"end":{"line":187,"column":84}},"89":{"start":{"line":189,"column":12},"end":{"line":189,"column":75}},"90":{"start":{"line":190,"column":12},"end":{"line":190,"column":94}},"91":{"start":{"line":192,"column":8},"end":{"line":192,"column":24}},"92":{"start":{"line":193,"column":8},"end":{"line":193,"column":19}},"93":{"start":{"line":197,"column":16},"end":{"line":197,"column":61}},"94":{"start":{"line":198,"column":16},"end":{"line":198,"column":68}},"95":{"start":{"line":199,"column":8},"end":{"line":199,"column":22}},"96":{"start":{"line":203,"column":17},"end":{"line":203,"column":29}},"97":{"start":{"line":204,"column":21},"end":{"line":204,"column":50}},"98":{"start":{"line":205,"column":8},"end":{"line":205,"column":82}},"99":{"start":{"line":209,"column":17},"end":{"line":209,"column":28}},"100":{"start":{"line":210,"column":23},"end":{"line":210,"column":53}},"101":{"start":{"line":211,"column":23},"end":{"line":211,"column":53}},"102":{"start":{"line":212,"column":8},"end":{"line":212,"column":109}},"103":{"start":{"line":216,"column":18},"end":{"line":216,"column":24}},"104":{"start":{"line":217,"column":8},"end":{"line":225,"column":9}},"105":{"start":{"line":218,"column":29},"end":{"line":218,"column":55}},"106":{"start":{"line":219,"column":12},"end":{"line":222,"column":13}},"107":{"start":{"line":219,"column":25},"end":{"line":219,"column":26}},"108":{"start":{"line":220,"column":16},"end":{"line":220,"column":56}},"109":{"start":{"line":221,"column":16},"end":{"line":221,"column":80}},"110":{"start":{"line":223,"column":12},"end":{"line":223,"column":61}},"111":{"start":{"line":224,"column":12},"end":{"line":224,"column":81}},"112":{"start":{"line":226,"column":8},"end":{"line":226,"column":37}},"113":{"start":{"line":227,"column":8},"end":{"line":227,"column":19}},"114":{"start":{"line":231,"column":18},"end":{"line":231,"column":46}},"115":{"start":{"line":232,"column":18},"end":{"line":232,"column":45}},"116":{"start":{"line":233,"column":18},"end":{"line":233,"column":46}},"117":{"start":{"line":234,"column":18},"end":{"line":234,"column":45}},"118":{"start":{"line":235,"column":19},"end":{"line":235,"column":86}},"119":{"start":{"line":236,"column":8},"end":{"line":237,"column":52}},"120":{"start":{"line":238,"column":8},"end":{"line":238,"column":54}},"121":{"start":{"line":239,"column":8},"end":{"line":239,"column":20}},"122":{"start":{"line":243,"column":19},"end":{"line":243,"column":29}},"123":{"start":{"line":244,"column":8},"end":{"line":244,"column":40}},"124":{"start":{"line":245,"column":17},"end":{"line":245,"column":44}},"125":{"start":{"line":246,"column":17},"end":{"line":246,"column":43}},"126":{"start":{"line":247,"column":19},"end":{"line":247,"column":36}},"127":{"start":{"line":248,"column":8},"end":{"line":248,"column":45}},"128":{"start":{"line":249,"column":8},"end":{"line":249,"column":64}},"129":{"start":{"line":250,"column":8},"end":{"line":250,"column":67}},"130":{"start":{"line":251,"column":8},"end":{"line":251,"column":49}},"131":{"start":{"line":252,"column":8},"end":{"line":252,"column":20}}},"fnMap":{"0":{"name":"(anonymous_0)","decl":{"start":{"line":24,"column":4},"end":{"line":24,"column":5}},"loc":{"start":{"line":24,"column":23},"end":{"line":34,"column":5}},"line":24},"1":{"name":"(anonymous_1)","decl":{"start":{"line":36,"column":4},"end":{"line":36,"column":5}},"loc":{"start":{"line":36,"column":13},"end":{"line":47,"column":5}},"line":36},"2":{"name":"(anonymous_2)","decl":{"start":{"line":49,"column":4},"end":{"line":49,"column":5}},"loc":{"start":{"line":49,"column":22},"end":{"line":66,"column":5}},"line":49},"3":{"name":"(anonymous_3)","decl":{"start":{"line":50,"column":23},"end":{"line":50,"column":24}},"loc":{"start":{"line":50,"column":29},"end":{"line":50,"column":70}},"line":50},"4":{"name":"(anonymous_4)","decl":{"start":{"line":68,"column":4},"end":{"line":68,"column":5}},"loc":{"start":{"line":68,"column":24},"end":{"line":83,"column":5}},"line":68},"5":{"name":"(anonymous_5)","decl":{"start":{"line":69,"column":23},"end":{"line":69,"column":24}},"loc":{"start":{"line":69,"column":30},"end":{"line":69,"column":76}},"line":69},"6":{"name":"(anonymous_6)","decl":{"start":{"line":85,"column":4},"end":{"line":85,"column":5}},"loc":{"start":{"line":85,"column":23},"end":{"line":90,"column":5}},"line":85},"7":{"name":"(anonymous_7)","decl":{"start":{"line":86,"column":25},"end":{"line":86,"column":26}},"loc":{"start":{"line":86,"column":31},"end":{"line":86,"column":79}},"line":86},"8":{"name":"(anonymous_8)","decl":{"start":{"line":92,"column":4},"end":{"line":92,"column":5}},"loc":{"start":{"line":92,"column":23},"end":{"line":101,"column":5}},"line":92},"9":{"name":"(anonymous_9)","decl":{"start":{"line":93,"column":32},"end":{"line":93,"column":33}},"loc":{"start":{"line":93,"column":38},"end":{"line":93,"column":75}},"line":93},"10":{"name":"(anonymous_10)","decl":{"start":{"line":103,"column":26},"end":{"line":103,"column":27}},"loc":{"start":{"line":103,"column":32},"end":{"line":127,"column":5}},"line":103},"11":{"name":"(anonymous_11)","decl":{"start":{"line":129,"column":26},"end":{"line":129,"column":27}},"loc":{"start":{"line":129,"column":35},"end":{"line":137,"column":5}},"line":129},"12":{"name":"(anonymous_12)","decl":{"start":{"line":139,"column":4},"end":{"line":139,"column":5}},"loc":{"start":{"line":139,"column":37},"end":{"line":161,"column":5}},"line":139},"13":{"name":"(anonymous_13)","decl":{"start":{"line":163,"column":4},"end":{"line":163,"column":5}},"loc":{"start":{"line":163,"column":31},"end":{"line":179,"column":5}},"line":163},"14":{"name":"(anonymous_14)","decl":{"start":{"line":181,"column":4},"end":{"line":181,"column":5}},"loc":{"start":{"line":181,"column":31},"end":{"line":194,"column":5}},"line":181},"15":{"name":"(anonymous_15)","decl":{"start":{"line":196,"column":4},"end":{"line":196,"column":5}},"loc":{"start":{"line":196,"column":29},"end":{"line":200,"column":5}},"line":196},"16":{"name":"(anonymous_16)","decl":{"start":{"line":202,"column":4},"end":{"line":202,"column":5}},"loc":{"start":{"line":202,"column":24},"end":{"line":206,"column":5}},"line":202},"17":{"name":"(anonymous_17)","decl":{"start":{"line":208,"column":4},"end":{"line":208,"column":5}},"loc":{"start":{"line":208,"column":32},"end":{"line":213,"column":5}},"line":208},"18":{"name":"(anonymous_18)","decl":{"start":{"line":215,"column":4},"end":{"line":215,"column":5}},"loc":{"start":{"line":215,"column":31},"end":{"line":228,"column":5}},"line":215},"19":{"name":"(anonymous_19)","decl":{"start":{"line":230,"column":4},"end":{"line":230,"column":5}},"loc":{"start":{"line":230,"column":28},"end":{"line":240,"column":5}},"line":230},"20":{"name":"(anonymous_20)","decl":{"start":{"line":242,"column":4},"end":{"line":242,"column":5}},"loc":{"start":{"line":242,"column":19},"end":{"line":253,"column":5}},"line":242}},"branchMap":{"0":{"loc":{"start":{"line":112,"column":8},"end":{"line":126,"column":9}},"type":"if","locations":[{"start":{"line":112,"column":8},"end":{"line":126,"column":9}},{"start":{"line":112,"column":8},"end":{"line":126,"column":9}}],"line":112},"1":{"loc":{"start":{"line":142,"column":8},"end":{"line":159,"column":9}},"type":"switch","locations":[{"start":{"line":143,"column":12},"end":{"line":146,"column":22}},{"start":{"line":147,"column":12},"end":{"line":150,"column":22}},{"start":{"line":151,"column":12},"end":{"line":154,"column":22}},{"start":{"line":155,"column":12},"end":{"line":158,"column":22}}],"line":142},"2":{"loc":{"start":{"line":165,"column":8},"end":{"line":177,"column":9}},"type":"if","locations":[{"start":{"line":165,"column":8},"end":{"line":177,"column":9}},{"start":{"line":165,"column":8},"end":{"line":177,"column":9}}],"line":165},"3":{"loc":{"start":{"line":183,"column":8},"end":{"line":191,"column":9}},"type":"if","locations":[{"start":{"line":183,"column":8},"end":{"line":191,"column":9}},{"start":{"line":183,"column":8},"end":{"line":191,"column":9}}],"line":183},"4":{"loc":{"start":{"line":217,"column":8},"end":{"line":225,"column":9}},"type":"if","locations":[{"start":{"line":217,"column":8},"end":{"line":225,"column":9}},{"start":{"line":217,"column":8},"end":{"line":225,"column":9}}],"line":217}},"s":{"0":6,"1":6,"2":6,"3":6,"4":6,"5":6,"6":6,"7":6,"8":6,"9":6,"10":6,"11":9,"12":9,"13":9,"14":9,"15":10,"16":10,"17":0,"18":10,"19":10,"20":0,"21":10,"22":10,"23":0,"24":10,"25":10,"26":0,"27":10,"28":9,"29":0,"30":0,"31":0,"32":0,"33":0,"34":0,"35":0,"36":0,"37":0,"38":0,"39":0,"40":0,"41":0,"42":0,"43":0,"44":0,"45":0,"46":0,"47":9,"48":0,"49":0,"50":0,"51":0,"52":0,"53":0,"54":0,"55":0,"56":0,"57":0,"58":0,"59":0,"60":0,"61":0,"62":0,"63":0,"64":0,"65":0,"66":0,"67":0,"68":0,"69":2,"70":2,"71":1,"72":1,"73":1,"74":1,"75":1,"76":1,"77":2,"78":2,"79":2,"80":2,"81":2,"82":1,"83":1,"84":0,"85":0,"86":0,"87":0,"88":0,"89":0,"90":0,"91":1,"92":1,"93":4,"94":4,"95":4,"96":1,"97":1,"98":1,"99":1,"100":1,"101":1,"102":1,"103":1,"104":1,"105":0,"106":0,"107":0,"108":0,"109":0,"110":0,"111":0,"112":1,"113":1,"114":1,"115":1,"116":1,"117":1,"118":1,"119":1,"120":1,"121":1,"122":1,"123":1,"124":1,"125":1,"126":1,"127":1,"128":1,"129":1,"130":1,"131":1},"f":{"0":9,"1":10,"2":10,"3":0,"4":10,"5":0,"6":10,"7":0,"8":10,"9":0,"10":0,"11":0,"12":0,"13":2,"14":1,"15":4,"16":1,"17":1,"18":1,"19":1,"20":1},"b":{"0":[0,0],"1":[0,0,0,0],"2":[1,1],"3":[0,1],"4":[0,1]},"_coverageSchema":"1a1c01bbd47fc00a2c39e90264f33305004495a9","hash":"7a5218ff5b2af5acd231a18e45d7d2e9cf7bd5f8"}
,"/home/jbayless/Desktop/cs314/t09/client/src/components/Atlas/Search.js": {"path":"/home/jbayless/Desktop/cs314/t09/client/src/components/Atlas/Search.js","statementMap":{"0":{"start":{"line":16,"column":8},"end":{"line":16,"column":21}},"1":{"start":{"line":18,"column":8},"end":{"line":41,"column":10}},"2":{"start":{"line":45,"column":8},"end":{"line":52,"column":10}},"3":{"start":{"line":56,"column":8},"end":{"line":65,"column":10}},"4":{"start":{"line":62,"column":35},"end":{"line":62,"column":79}},"5":{"start":{"line":68,"column":8},"end":{"line":77,"column":10}},"6":{"start":{"line":73,"column":35},"end":{"line":73,"column":77}},"7":{"start":{"line":80,"column":24},"end":{"line":80,"column":33}},"8":{"start":{"line":81,"column":22},"end":{"line":81,"column":38}},"9":{"start":{"line":82,"column":26},"end":{"line":82,"column":45}},"10":{"start":{"line":86,"column":8},"end":{"line":102,"column":9}},"11":{"start":{"line":87,"column":27},"end":{"line":87,"column":118}},"12":{"start":{"line":88,"column":30},"end":{"line":88,"column":125}},"13":{"start":{"line":89,"column":12},"end":{"line":101,"column":14}},"14":{"start":{"line":106,"column":8},"end":{"line":115,"column":10}},"15":{"start":{"line":119,"column":27},"end":{"line":132,"column":9}},"16":{"start":{"line":120,"column":12},"end":{"line":120,"column":50}},"17":{"start":{"line":121,"column":22},"end":{"line":121,"column":80}},"18":{"start":{"line":122,"column":23},"end":{"line":122,"column":82}},"19":{"start":{"line":123,"column":12},"end":{"line":123,"column":74}},"20":{"start":{"line":124,"column":12},"end":{"line":124,"column":44}},"21":{"start":{"line":125,"column":12},"end":{"line":131,"column":20}},"22":{"start":{"line":134,"column":25},"end":{"line":134,"column":27}},"23":{"start":{"line":135,"column":8},"end":{"line":140,"column":9}},"24":{"start":{"line":135,"column":21},"end":{"line":135,"column":22}},"25":{"start":{"line":136,"column":12},"end":{"line":139,"column":14}},"26":{"start":{"line":141,"column":8},"end":{"line":141,"column":26}},"27":{"start":{"line":145,"column":23},"end":{"line":145,"column":25}},"28":{"start":{"line":146,"column":20},"end":{"line":146,"column":22}},"29":{"start":{"line":147,"column":22},"end":{"line":152,"column":9}},"30":{"start":{"line":148,"column":23},"end":{"line":148,"column":42}},"31":{"start":{"line":149,"column":24},"end":{"line":149,"column":43}},"32":{"start":{"line":150,"column":12},"end":{"line":150,"column":69}},"33":{"start":{"line":151,"column":12},"end":{"line":151,"column":55}},"34":{"start":{"line":153,"column":8},"end":{"line":158,"column":9}},"35":{"start":{"line":153,"column":21},"end":{"line":153,"column":22}},"36":{"start":{"line":154,"column":12},"end":{"line":154,"column":70}},"37":{"start":{"line":155,"column":12},"end":{"line":157,"column":35}},"38":{"start":{"line":159,"column":8},"end":{"line":159,"column":24}},"39":{"start":{"line":163,"column":26},"end":{"line":163,"column":82}},"40":{"start":{"line":163,"column":32},"end":{"line":163,"column":82}},"41":{"start":{"line":164,"column":8},"end":{"line":168,"column":10}},"42":{"start":{"line":173,"column":8},"end":{"line":178,"column":10}},"43":{"start":{"line":182,"column":8},"end":{"line":182,"column":45}},"44":{"start":{"line":183,"column":8},"end":{"line":183,"column":35}},"45":{"start":{"line":184,"column":8},"end":{"line":184,"column":43}},"46":{"start":{"line":185,"column":26},"end":{"line":185,"column":54}},"47":{"start":{"line":186,"column":8},"end":{"line":191,"column":9}},"48":{"start":{"line":187,"column":23},"end":{"line":187,"column":51}},"49":{"start":{"line":188,"column":12},"end":{"line":188,"column":104}},"50":{"start":{"line":190,"column":12},"end":{"line":190,"column":40}},"51":{"start":{"line":195,"column":19},"end":{"line":200,"column":9}},"52":{"start":{"line":201,"column":8},"end":{"line":206,"column":9}},"53":{"start":{"line":202,"column":12},"end":{"line":205,"column":13}},"54":{"start":{"line":207,"column":8},"end":{"line":212,"column":15}},"55":{"start":{"line":209,"column":16},"end":{"line":211,"column":17}},"56":{"start":{"line":210,"column":20},"end":{"line":210,"column":55}},"57":{"start":{"line":216,"column":8},"end":{"line":221,"column":9}},"58":{"start":{"line":217,"column":12},"end":{"line":217,"column":65}},"59":{"start":{"line":218,"column":12},"end":{"line":218,"column":67}},"60":{"start":{"line":220,"column":12},"end":{"line":220,"column":47}},"61":{"start":{"line":225,"column":8},"end":{"line":234,"column":9}},"62":{"start":{"line":226,"column":12},"end":{"line":226,"column":60}},"63":{"start":{"line":227,"column":12},"end":{"line":227,"column":63}},"64":{"start":{"line":228,"column":15},"end":{"line":234,"column":9}},"65":{"start":{"line":229,"column":22},"end":{"line":229,"column":61}},"66":{"start":{"line":230,"column":23},"end":{"line":230,"column":63}},"67":{"start":{"line":231,"column":12},"end":{"line":231,"column":74}},"68":{"start":{"line":233,"column":12},"end":{"line":233,"column":67}},"69":{"start":{"line":239,"column":8},"end":{"line":255,"column":9}},"70":{"start":{"line":241,"column":12},"end":{"line":254,"column":13}},"71":{"start":{"line":259,"column":8},"end":{"line":260,"column":90}},"72":{"start":{"line":260,"column":12},"end":{"line":260,"column":90}},"73":{"start":{"line":261,"column":8},"end":{"line":262,"column":111}},"74":{"start":{"line":262,"column":12},"end":{"line":262,"column":111}}},"fnMap":{"0":{"name":"(anonymous_0)","decl":{"start":{"line":15,"column":4},"end":{"line":15,"column":5}},"loc":{"start":{"line":15,"column":23},"end":{"line":42,"column":5}},"line":15},"1":{"name":"(anonymous_1)","decl":{"start":{"line":44,"column":4},"end":{"line":44,"column":5}},"loc":{"start":{"line":44,"column":13},"end":{"line":53,"column":5}},"line":44},"2":{"name":"(anonymous_2)","decl":{"start":{"line":55,"column":4},"end":{"line":55,"column":5}},"loc":{"start":{"line":55,"column":22},"end":{"line":66,"column":5}},"line":55},"3":{"name":"(anonymous_3)","decl":{"start":{"line":62,"column":30},"end":{"line":62,"column":31}},"loc":{"start":{"line":62,"column":35},"end":{"line":62,"column":79}},"line":62},"4":{"name":"(anonymous_4)","decl":{"start":{"line":67,"column":4},"end":{"line":67,"column":5}},"loc":{"start":{"line":67,"column":25},"end":{"line":78,"column":5}},"line":67},"5":{"name":"(anonymous_5)","decl":{"start":{"line":73,"column":29},"end":{"line":73,"column":30}},"loc":{"start":{"line":73,"column":35},"end":{"line":73,"column":77}},"line":73},"6":{"name":"(anonymous_6)","decl":{"start":{"line":79,"column":4},"end":{"line":79,"column":5}},"loc":{"start":{"line":79,"column":26},"end":{"line":103,"column":5}},"line":79},"7":{"name":"(anonymous_7)","decl":{"start":{"line":105,"column":4},"end":{"line":105,"column":5}},"loc":{"start":{"line":105,"column":22},"end":{"line":116,"column":5}},"line":105},"8":{"name":"(anonymous_8)","decl":{"start":{"line":118,"column":4},"end":{"line":118,"column":5}},"loc":{"start":{"line":118,"column":17},"end":{"line":142,"column":5}},"line":118},"9":{"name":"(anonymous_9)","decl":{"start":{"line":119,"column":27},"end":{"line":119,"column":28}},"loc":{"start":{"line":119,"column":34},"end":{"line":132,"column":9}},"line":119},"10":{"name":"(anonymous_10)","decl":{"start":{"line":144,"column":4},"end":{"line":144,"column":5}},"loc":{"start":{"line":144,"column":30},"end":{"line":160,"column":5}},"line":144},"11":{"name":"(anonymous_11)","decl":{"start":{"line":147,"column":22},"end":{"line":147,"column":23}},"loc":{"start":{"line":147,"column":28},"end":{"line":152,"column":9}},"line":147},"12":{"name":"(anonymous_12)","decl":{"start":{"line":162,"column":4},"end":{"line":162,"column":5}},"loc":{"start":{"line":162,"column":23},"end":{"line":170,"column":5}},"line":162},"13":{"name":"(anonymous_13)","decl":{"start":{"line":163,"column":26},"end":{"line":163,"column":27}},"loc":{"start":{"line":163,"column":32},"end":{"line":163,"column":82}},"line":163},"14":{"name":"(anonymous_14)","decl":{"start":{"line":172,"column":4},"end":{"line":172,"column":5}},"loc":{"start":{"line":172,"column":36},"end":{"line":179,"column":5}},"line":172},"15":{"name":"(anonymous_15)","decl":{"start":{"line":181,"column":4},"end":{"line":181,"column":5}},"loc":{"start":{"line":181,"column":31},"end":{"line":192,"column":5}},"line":181},"16":{"name":"(anonymous_16)","decl":{"start":{"line":194,"column":4},"end":{"line":194,"column":5}},"loc":{"start":{"line":194,"column":21},"end":{"line":213,"column":5}},"line":194},"17":{"name":"(anonymous_17)","decl":{"start":{"line":208,"column":18},"end":{"line":208,"column":19}},"loc":{"start":{"line":208,"column":26},"end":{"line":212,"column":13}},"line":208},"18":{"name":"(anonymous_18)","decl":{"start":{"line":215,"column":4},"end":{"line":215,"column":5}},"loc":{"start":{"line":215,"column":34},"end":{"line":222,"column":5}},"line":215},"19":{"name":"(anonymous_19)","decl":{"start":{"line":224,"column":4},"end":{"line":224,"column":5}},"loc":{"start":{"line":224,"column":34},"end":{"line":235,"column":5}},"line":224},"20":{"name":"(anonymous_20)","decl":{"start":{"line":237,"column":4},"end":{"line":237,"column":5}},"loc":{"start":{"line":238,"column":4},"end":{"line":256,"column":5}},"line":238},"21":{"name":"(anonymous_21)","decl":{"start":{"line":258,"column":4},"end":{"line":258,"column":5}},"loc":{"start":{"line":258,"column":24},"end":{"line":263,"column":5}},"line":258}},"branchMap":{"0":{"loc":{"start":{"line":86,"column":8},"end":{"line":102,"column":9}},"type":"if","locations":[{"start":{"line":86,"column":8},"end":{"line":102,"column":9}},{"start":{"line":86,"column":8},"end":{"line":102,"column":9}}],"line":86},"1":{"loc":{"start":{"line":150,"column":12},"end":{"line":150,"column":68}},"type":"cond-expr","locations":[{"start":{"line":150,"column":27},"end":{"line":150,"column":49}},{"start":{"line":150,"column":52},"end":{"line":150,"column":68}}],"line":150},"2":{"loc":{"start":{"line":154,"column":12},"end":{"line":154,"column":69}},"type":"cond-expr","locations":[{"start":{"line":154,"column":42},"end":{"line":154,"column":56}},{"start":{"line":154,"column":59},"end":{"line":154,"column":69}}],"line":154},"3":{"loc":{"start":{"line":201,"column":8},"end":{"line":206,"column":9}},"type":"if","locations":[{"start":{"line":201,"column":8},"end":{"line":206,"column":9}},{"start":{"line":201,"column":8},"end":{"line":206,"column":9}}],"line":201},"4":{"loc":{"start":{"line":209,"column":16},"end":{"line":211,"column":17}},"type":"if","locations":[{"start":{"line":209,"column":16},"end":{"line":211,"column":17}},{"start":{"line":209,"column":16},"end":{"line":211,"column":17}}],"line":209},"5":{"loc":{"start":{"line":216,"column":8},"end":{"line":221,"column":9}},"type":"if","locations":[{"start":{"line":216,"column":8},"end":{"line":221,"column":9}},{"start":{"line":216,"column":8},"end":{"line":221,"column":9}}],"line":216},"6":{"loc":{"start":{"line":225,"column":8},"end":{"line":234,"column":9}},"type":"if","locations":[{"start":{"line":225,"column":8},"end":{"line":234,"column":9}},{"start":{"line":225,"column":8},"end":{"line":234,"column":9}}],"line":225},"7":{"loc":{"start":{"line":228,"column":15},"end":{"line":234,"column":9}},"type":"if","locations":[{"start":{"line":228,"column":15},"end":{"line":234,"column":9}},{"start":{"line":228,"column":15},"end":{"line":234,"column":9}}],"line":228},"8":{"loc":{"start":{"line":239,"column":8},"end":{"line":255,"column":9}},"type":"if","locations":[{"start":{"line":239,"column":8},"end":{"line":255,"column":9}},{"start":{"line":239,"column":8},"end":{"line":255,"column":9}}],"line":239},"9":{"loc":{"start":{"line":259,"column":8},"end":{"line":260,"column":90}},"type":"if","locations":[{"start":{"line":259,"column":8},"end":{"line":260,"column":90}},{"start":{"line":259,"column":8},"end":{"line":260,"column":90}}],"line":259},"10":{"loc":{"start":{"line":261,"column":8},"end":{"line":262,"column":111}},"type":"if","locations":[{"start":{"line":261,"column":8},"end":{"line":262,"column":111}},{"start":{"line":261,"column":8},"end":{"line":262,"column":111}}],"line":261}},"s":{"0":7,"1":7,"2":18,"3":18,"4":0,"5":18,"6":1,"7":18,"8":18,"9":18,"10":18,"11":0,"12":0,"13":0,"14":0,"15":0,"16":0,"17":0,"18":0,"19":0,"20":0,"21":0,"22":0,"23":0,"24":0,"25":0,"26":0,"27":0,"28":0,"29":0,"30":0,"31":0,"32":0,"33":0,"34":0,"35":0,"36":0,"37":0,"38":0,"39":18,"40":0,"41":18,"42":1,"43":2,"44":2,"45":2,"46":2,"47":2,"48":2,"49":1,"50":1,"51":1,"52":1,"53":0,"54":1,"55":0,"56":0,"57":0,"58":0,"59":0,"60":0,"61":0,"62":0,"63":0,"64":0,"65":0,"66":0,"67":0,"68":0,"69":18,"70":0,"71":1,"72":0,"73":1,"74":0},"f":{"0":7,"1":18,"2":18,"3":0,"4":18,"5":1,"6":18,"7":0,"8":0,"9":0,"10":0,"11":0,"12":18,"13":0,"14":1,"15":2,"16":1,"17":0,"18":0,"19":0,"20":18,"21":1},"b":{"0":[0,18],"1":[0,0],"2":[0,0],"3":[0,1],"4":[0,0],"5":[0,0],"6":[0,0],"7":[0,0],"8":[0,18],"9":[0,1],"10":[0,1]},"_coverageSchema":"1a1c01bbd47fc00a2c39e90264f33305004495a9","hash":"3c3f80679b2a1d24addba3091df7bc0a16a345dd"}
,"/home/jbayless/Desktop/cs314/t09/client/src/components/Atlas/Trip.js": {"path":"/home/jbayless/Desktop/cs314/t09/client/src/components/Atlas/Trip.js","statementMap":{"0":{"start":{"line":15,"column":8},"end":{"line":15,"column":21}},"1":{"start":{"line":17,"column":8},"end":{"line":28,"column":9}},"2":{"start":{"line":30,"column":8},"end":{"line":30,"column":65}},"3":{"start":{"line":31,"column":8},"end":{"line":31,"column":63}},"4":{"start":{"line":35,"column":8},"end":{"line":54,"column":10}},"5":{"start":{"line":58,"column":23},"end":{"line":58,"column":80}},"6":{"start":{"line":58,"column":29},"end":{"line":58,"column":80}},"7":{"start":{"line":59,"column":8},"end":{"line":73,"column":10}},"8":{"start":{"line":77,"column":23},"end":{"line":80,"column":9}},"9":{"start":{"line":78,"column":12},"end":{"line":78,"column":35}},"10":{"start":{"line":79,"column":12},"end":{"line":79,"column":64}},"11":{"start":{"line":81,"column":8},"end":{"line":85,"column":10}},"12":{"start":{"line":89,"column":8},"end":{"line":100,"column":10}},"13":{"start":{"line":94,"column":42},"end":{"line":94,"column":83}},"14":{"start":{"line":103,"column":17},"end":{"line":118,"column":5}},"15":{"start":{"line":104,"column":8},"end":{"line":117,"column":9}},"16":{"start":{"line":105,"column":12},"end":{"line":116,"column":24}},"17":{"start":{"line":110,"column":46},"end":{"line":110,"column":91}},"18":{"start":{"line":113,"column":58},"end":{"line":113,"column":102}},"19":{"start":{"line":121,"column":29},"end":{"line":128,"column":70}},"20":{"start":{"line":122,"column":16},"end":{"line":122,"column":61}},"21":{"start":{"line":123,"column":16},"end":{"line":128,"column":69}},"22":{"start":{"line":124,"column":20},"end":{"line":124,"column":64}},"23":{"start":{"line":125,"column":23},"end":{"line":128,"column":69}},"24":{"start":{"line":126,"column":20},"end":{"line":126,"column":59}},"25":{"start":{"line":127,"column":23},"end":{"line":128,"column":69}},"26":{"start":{"line":128,"column":20},"end":{"line":128,"column":68}},"27":{"start":{"line":129,"column":23},"end":{"line":129,"column":81}},"28":{"start":{"line":129,"column":30},"end":{"line":129,"column":80}},"29":{"start":{"line":130,"column":8},"end":{"line":145,"column":10}},"30":{"start":{"line":148,"column":23},"end":{"line":150,"column":5}},"31":{"start":{"line":149,"column":8},"end":{"line":149,"column":42}},"32":{"start":{"line":151,"column":19},"end":{"line":154,"column":5}},"33":{"start":{"line":152,"column":8},"end":{"line":152,"column":60}},"34":{"start":{"line":153,"column":8},"end":{"line":153,"column":31}},"35":{"start":{"line":155,"column":19},"end":{"line":157,"column":5}},"36":{"start":{"line":156,"column":8},"end":{"line":156,"column":60}},"37":{"start":{"line":160,"column":26},"end":{"line":163,"column":9}},"38":{"start":{"line":161,"column":12},"end":{"line":161,"column":65}},"39":{"start":{"line":162,"column":12},"end":{"line":162,"column":57}},"40":{"start":{"line":164,"column":25},"end":{"line":164,"column":27}},"41":{"start":{"line":165,"column":8},"end":{"line":171,"column":9}},"42":{"start":{"line":165,"column":21},"end":{"line":165,"column":22}},"43":{"start":{"line":166,"column":12},"end":{"line":170,"column":20}},"44":{"start":{"line":172,"column":8},"end":{"line":184,"column":10}},"45":{"start":{"line":189,"column":8},"end":{"line":189,"column":53}},"46":{"start":{"line":193,"column":8},"end":{"line":193,"column":32}},"47":{"start":{"line":194,"column":8},"end":{"line":194,"column":31}},"48":{"start":{"line":198,"column":25},"end":{"line":198,"column":51}},"49":{"start":{"line":199,"column":27},"end":{"line":199,"column":30}},"50":{"start":{"line":200,"column":8},"end":{"line":202,"column":9}},"51":{"start":{"line":201,"column":12},"end":{"line":201,"column":30}},"52":{"start":{"line":203,"column":19},"end":{"line":213,"column":9}},"53":{"start":{"line":214,"column":8},"end":{"line":221,"column":15}},"54":{"start":{"line":216,"column":16},"end":{"line":220,"column":17}},"55":{"start":{"line":217,"column":20},"end":{"line":217,"column":55}},"56":{"start":{"line":219,"column":20},"end":{"line":219,"column":58}},"57":{"start":{"line":225,"column":25},"end":{"line":225,"column":27}},"58":{"start":{"line":226,"column":8},"end":{"line":233,"column":9}},"59":{"start":{"line":226,"column":21},"end":{"line":226,"column":22}},"60":{"start":{"line":227,"column":12},"end":{"line":232,"column":19}},"61":{"start":{"line":228,"column":16},"end":{"line":232,"column":19}},"62":{"start":{"line":234,"column":8},"end":{"line":234,"column":25}},"63":{"start":{"line":238,"column":8},"end":{"line":243,"column":9}},"64":{"start":{"line":239,"column":12},"end":{"line":239,"column":50}},"65":{"start":{"line":241,"column":12},"end":{"line":241,"column":69}},"66":{"start":{"line":242,"column":12},"end":{"line":242,"column":58}}},"fnMap":{"0":{"name":"(anonymous_0)","decl":{"start":{"line":14,"column":4},"end":{"line":14,"column":5}},"loc":{"start":{"line":14,"column":23},"end":{"line":32,"column":5}},"line":14},"1":{"name":"(anonymous_1)","decl":{"start":{"line":34,"column":4},"end":{"line":34,"column":5}},"loc":{"start":{"line":34,"column":13},"end":{"line":55,"column":5}},"line":34},"2":{"name":"(anonymous_2)","decl":{"start":{"line":57,"column":4},"end":{"line":57,"column":5}},"loc":{"start":{"line":57,"column":36},"end":{"line":74,"column":5}},"line":57},"3":{"name":"(anonymous_3)","decl":{"start":{"line":58,"column":23},"end":{"line":58,"column":24}},"loc":{"start":{"line":58,"column":29},"end":{"line":58,"column":80}},"line":58},"4":{"name":"(anonymous_4)","decl":{"start":{"line":76,"column":4},"end":{"line":76,"column":5}},"loc":{"start":{"line":76,"column":26},"end":{"line":86,"column":5}},"line":76},"5":{"name":"(anonymous_5)","decl":{"start":{"line":77,"column":23},"end":{"line":77,"column":24}},"loc":{"start":{"line":77,"column":29},"end":{"line":80,"column":9}},"line":77},"6":{"name":"(anonymous_6)","decl":{"start":{"line":88,"column":4},"end":{"line":88,"column":5}},"loc":{"start":{"line":88,"column":22},"end":{"line":101,"column":5}},"line":88},"7":{"name":"(anonymous_7)","decl":{"start":{"line":94,"column":37},"end":{"line":94,"column":38}},"loc":{"start":{"line":94,"column":42},"end":{"line":94,"column":83}},"line":94},"8":{"name":"(anonymous_8)","decl":{"start":{"line":103,"column":17},"end":{"line":103,"column":18}},"loc":{"start":{"line":103,"column":23},"end":{"line":118,"column":5}},"line":103},"9":{"name":"(anonymous_9)","decl":{"start":{"line":110,"column":41},"end":{"line":110,"column":42}},"loc":{"start":{"line":110,"column":46},"end":{"line":110,"column":91}},"line":110},"10":{"name":"(anonymous_10)","decl":{"start":{"line":113,"column":53},"end":{"line":113,"column":54}},"loc":{"start":{"line":113,"column":58},"end":{"line":113,"column":102}},"line":113},"11":{"name":"(anonymous_11)","decl":{"start":{"line":120,"column":4},"end":{"line":120,"column":5}},"loc":{"start":{"line":120,"column":22},"end":{"line":146,"column":5}},"line":120},"12":{"name":"(anonymous_12)","decl":{"start":{"line":121,"column":29},"end":{"line":121,"column":30}},"loc":{"start":{"line":121,"column":36},"end":{"line":128,"column":70}},"line":121},"13":{"name":"(anonymous_13)","decl":{"start":{"line":129,"column":23},"end":{"line":129,"column":24}},"loc":{"start":{"line":129,"column":29},"end":{"line":129,"column":81}},"line":129},"14":{"name":"(anonymous_14)","decl":{"start":{"line":148,"column":23},"end":{"line":148,"column":24}},"loc":{"start":{"line":148,"column":34},"end":{"line":150,"column":5}},"line":148},"15":{"name":"(anonymous_15)","decl":{"start":{"line":151,"column":19},"end":{"line":151,"column":20}},"loc":{"start":{"line":151,"column":25},"end":{"line":154,"column":5}},"line":151},"16":{"name":"(anonymous_16)","decl":{"start":{"line":155,"column":19},"end":{"line":155,"column":20}},"loc":{"start":{"line":155,"column":35},"end":{"line":157,"column":5}},"line":155},"17":{"name":"(anonymous_17)","decl":{"start":{"line":159,"column":4},"end":{"line":159,"column":5}},"loc":{"start":{"line":159,"column":23},"end":{"line":185,"c
[...]
":30},"end":{"line":42,"column":5}},"line":26},"3":{"name":"(anonymous_3)","decl":{"start":{"line":34,"column":57},"end":{"line":34,"column":58}},"loc":{"start":{"line":34,"column":63},"end":{"line":34,"column":104}},"line":34},"4":{"name":"(anonymous_4)","decl":{"start":{"line":44,"column":4},"end":{"line":44,"column":5}},"loc":{"start":{"line":44,"column":36},"end":{"line":46,"column":5}},"line":44},"5":{"name":"(anonymous_5)","decl":{"start":{"line":48,"column":4},"end":{"line":48,"column":5}},"loc":{"start":{"line":48,"column":40},"end":{"line":50,"column":5}},"line":48},"6":{"name":"(anonymous_6)","decl":{"start":{"line":52,"column":4},"end":{"line":52,"column":5}},"loc":{"start":{"line":52,"column":29},"end":{"line":54,"column":5}},"line":52},"7":{"name":"(anonymous_7)","decl":{"start":{"line":56,"column":4},"end":{"line":56,"column":5}},"loc":{"start":{"line":56,"column":27},"end":{"line":65,"column":5}},"line":56},"8":{"name":"(anonymous_8)","decl":{"start":{"line":60,"column":28},"end":{"line":60,"column":29}},"loc":{"start":{"line":60,"column":73},"end":{"line":60,"column":116}},"line":60}},"branchMap":{"0":{"loc":{"start":{"line":45,"column":15},"end":{"line":45,"column":89}},"type":"cond-expr","locations":[{"start":{"line":45,"column":47},"end":{"line":45,"column":66}},{"start":{"line":45,"column":69},"end":{"line":45,"column":89}}],"line":45},"1":{"loc":{"start":{"line":49,"column":15},"end":{"line":49,"column":118}},"type":"cond-expr","locations":[{"start":{"line":49,"column":47},"end":{"line":49,"column":96}},{"start":{"line":49,"column":99},"end":{"line":49,"column":118}}],"line":49},"2":{"loc":{"start":{"line":53,"column":15},"end":{"line":53,"column":106}},"type":"binary-expr","locations":[{"start":{"line":53,"column":15},"end":{"line":53,"column":53}},{"start":{"line":53,"column":57},"end":{"line":53,"column":106}}],"line":53},"3":{"loc":{"start":{"line":60,"column":29},"end":{"line":60,"column":68}},"type":"default-arg","locations":[{"start":{"line":60,"column":38},"end":{"line":60,"column":68}}],"line":60}},"s":{"0":2,"1":2,"2":2,"3":2,"4":2,"5":2,"6":3,"7":3,"8":3,"9":3,"10":0,"11":3,"12":3,"13":6,"14":3,"15":0},"f":{"0":2,"1":3,"2":3,"3":0,"4":3,"5":3,"6":6,"7":3,"8":0},"b":{"0":[0,3],"1":[0,3],"2":[6,4],"3":[0]},"_coverageSchema":"1a1c01bbd47fc00a2c39e90264f33305004495a9","hash":"da8a9c8e99c2d3f34c5ef1b977dce57c32ed3a18"}
,"/home/jbayless/Desktop/cs314/t09/client/src/components/Margins/Header.js": {"path":"/home/jbayless/Desktop/cs314/t09/client/src/components/Margins/Header.js","statementMap":{"0":{"start":{"line":8,"column":19},"end":{"line":8,"column":52}},"1":{"start":{"line":13,"column":8},"end":{"line":28,"column":10}}},"fnMap":{"0":{"name":"(anonymous_0)","decl":{"start":{"line":12,"column":4},"end":{"line":12,"column":5}},"loc":{"start":{"line":12,"column":13},"end":{"line":29,"column":5}},"line":12}},"branchMap":{},"s":{"0":2,"1":2},"f":{"0":2},"b":{},"_coverageSchema":"1a1c01bbd47fc00a2c39e90264f33305004495a9","hash":"37a678bbcc060c44fd3f68e2a02c52ab07481ab0"}
,"/home/jbayless/Desktop/cs314/t09/client/src/components/Margins/ServerSettings.js": {"path":"/home/jbayless/Desktop/cs314/t09/client/src/components/Margins/ServerSettings.js","statementMap":{"0":{"start":{"line":11,"column":8},"end":{"line":11,"column":21}},"1":{"start":{"line":13,"column":8},"end":{"line":17,"column":10}},"2":{"start":{"line":19,"column":8},"end":{"line":19,"column":50}},"3":{"start":{"line":23,"column":8},"end":{"line":31,"column":10}},"4":{"start":{"line":25,"column":64},"end":{"line":25,"column":87}},"5":{"start":{"line":26,"column":47},"end":{"line":26,"column":70}},"6":{"start":{"line":35,"column":8},"end":{"line":42,"column":10}},"7":{"start":{"line":46,"column":8},"end":{"line":55,"column":10}},"8":{"start":{"line":59,"column":20},"end":{"line":59,"column":84}},"9":{"start":{"line":60,"column":23},"end":{"line":60,"column":88}},"10":{"start":{"line":61,"column":8},"end":{"line":68,"column":10}},"11":{"start":{"line":62,"column":36},"end":{"line":62,"column":68}},"12":{"start":{"line":72,"column":8},"end":{"line":82,"column":10}},"13":{"start":{"line":74,"column":55},"end":{"line":74,"column":86}},"14":{"start":{"line":76,"column":20},"end":{"line":76,"column":99}},"15":{"start":{"line":77,"column":20},"end":{"line":77,"column":72}},"16":{"start":{"line":86,"column":32},"end":{"line":89,"column":88}},"17":{"start":{"line":91,"column":8},"end":{"line":95,"column":9}},"18":{"start":{"line":92,"column":12},"end":{"line":92,"column":64}},"19":{"start":{"line":93,"column":12},"end":{"line":93,"column":68}},"20":{"start":{"line":94,"column":12},"end":{"line":94,"column":71}},"21":{"start":{"line":97,"column":8},"end":{"line":97,"column":80}},"22":{"start":{"line":99,"column":8},"end":{"line":99,"column":33}},"23":{"start":{"line":103,"column":8},"end":{"line":104,"column":34}},"24":{"start":{"line":104,"column":12},"end":{"line":104,"column":34}},"25":{"start":{"line":106,"column":29},"end":{"line":106,"column":46}},"26":{"start":{"line":107,"column":8},"end":{"line":108,"column":54}},"27":{"start":{"line":107,"column":21},"end":{"line":107,"column":22}},"28":{"start":{"line":108,"column":12},"end":{"line":108,"column":54}},"29":{"start":{"line":109,"column":8},"end":{"line":109,"column":30}},"30":{"start":{"line":113,"column":8},"end":{"line":126,"column":11}},"31":{"start":{"line":114,"column":12},"end":{"line":125,"column":13}},"32":{"start":{"line":115,"column":16},"end":{"line":122,"column":23}},"33":{"start":{"line":117,"column":24},"end":{"line":121,"column":25}},"34":{"start":{"line":118,"column":28},"end":{"line":118,"column":67}},"35":{"start":{"line":120,"column":28},"end":{"line":120,"column":79}},"36":{"start":{"line":124,"column":16},"end":{"line":124,"column":64}},"37":{"start":{"line":130,"column":25},"end":{"line":130,"column":40}},"38":{"start":{"line":131,"column":8},"end":{"line":131,"column":73}},"39":{"start":{"line":135,"column":8},"end":{"line":139,"column":9}},"40":{"start":{"line":136,"column":12},"end":{"line":136,"column":63}},"41":{"start":{"line":138,"column":12},"end":{"line":138,"column":63}},"42":{"start":{"line":143,"column":8},"end":{"line":143,"column":32}},"43":{"start":{"line":144,"column":8},"end":{"line":148,"column":11}}},"fnMap":{"0":{"name":"(anonymous_0)","decl":{"start":{"line":10,"column":4},"end":{"line":10,"column":5}},"loc":{"start":{"line":10,"column":23},"end":{"line":20,"column":5}},"line":10},"1":{"name":"(anonymous_1)","decl":{"start":{"line":22,"column":4},"end":{"line":22,"column":5}},"loc":{"start":{"line":22,"column":13},"end":{"line":32,"column":5}},"line":22},"2":{"name":"(anonymous_2)","decl":{"start":{"line":25,"column":58},"end":{"line":25,"column":59}},"loc":{"start":{"line":25,"column":64},"end":{"line":25,"column":87}},"line":25},"3":{"name":"(anonymous_3)","decl":{"start":{"line":26,"column":41},"end":{"line":26,"column":42}},"loc":{"start":{"line":26,"column":47},"end":{"line":26,"column":70}},"line":26},"4":{"name":"(anonymous_4)","decl":{"start":{"line":34,"column":4},"end":{"line":34,"column":5}},"loc":{"start":{"line":34,"column":38},"end":{"line":43,"column":5}},"line":34},"5":{"name":"(anonymous_5)","decl":{"start":{"line":45,"column":4},"end":{"line":45,"column":5}},"loc":{"start":{"line":45,"column":31},"end":{"line":56,"column":5}},"line":45},"6":{"name":"(anonymous_6)","decl":{"start":{"line":58,"column":4},"end":{"line":58,"column":5}},"loc":{"start":{"line":58,"column":23},"end":{"line":69,"column":5}},"line":58},"7":{"name":"(anonymous_7)","decl":{"start":{"line":62,"column":29},"end":{"line":62,"column":30}},"loc":{"start":{"line":62,"column":36},"end":{"line":62,"column":68}},"line":62},"8":{"name":"(anonymous_8)","decl":{"start":{"line":71,"column":4},"end":{"line":71,"column":5}},"loc":{"start":{"line":71,"column":20},"end":{"line":83,"column":5}},"line":71},"9":{"name":"(anonymous_9)","decl":{"start":{"line":74,"column":49},"end":{"line":74,"column":50}},"loc":{"start":{"line":74,"column":55},"end":{"line":74,"column":86}},"line":74},"10":{"name":"(anonymous_10)","decl":{"start":{"line":75,"column":49},"end":{"line":75,"column":50}},"loc":{"start":{"line":75,"column":55},"end":{"line":78,"column":17}},"line":75},"11":{"name":"(anonymous_11)","decl":{"start":{"line":85,"column":4},"end":{"line":85,"column":5}},"loc":{"start":{"line":85,"column":27},"end":{"line":100,"column":5}},"line":85},"12":{"name":"(anonymous_12)","decl":{"start":{"line":102,"column":4},"end":{"line":102,"column":5}},"loc":{"start":{"line":102,"column":42},"end":{"line":110,"column":5}},"line":102},"13":{"name":"(anonymous_13)","decl":{"start":{"line":112,"column":4},"end":{"line":112,"column":5}},"loc":{"start":{"line":112,"column":23},"end":{"line":127,"column":5}},"line":112},"14":{"name":"(anonymous_14)","decl":{"start":{"line":113,"column":42},"end":{"line":113,"column":43}},"loc":{"start":{"line":113,"column":48},"end":{"line":126,"column":9}},"line":113},"15":{"name":"(anonymous_15)","decl":{"start":{"line":116,"column":26},"end":{"line":116,"column":27}},"loc":{"start":{"line":116,"column":36},"end":{"line":122,"column":21}},"line":116},"16":{"name":"(anonymous_16)","decl":{"start":{"line":129,"column":4},"end":{"line":129,"column":5}},"loc":{"start":{"line":129,"column":41},"end":{"line":132,"column":5}},"line":129},"17":{"name":"(anonymous_17)","decl":{"start":{"line":134,"column":4},"end":{"line":134,"column":5}},"loc":{"start":{"line":134,"column":34},"end":{"line":140,"column":5}},"line":134},"18":{"name":"(anonymous_18)","decl":{"start":{"line":142,"column":4},"end":{"line":142,"column":5}},"loc":{"start":{"line":142,"column":61},"end":{"line":149,"column":5}},"line":142}},"branchMap":{"0":{"loc":{"start":{"line":59,"column":20},"end":{"line":59,"column":84}},"type":"cond-expr","locations":[{"start":{"line":59,"column":54},"end":{"line":59,"column":59}},{"start":{"line":59,"column":62},"end":{"line":59,"column":84}}],"line":59},"1":{"loc":{"start":{"line":60,"column":23},"end":{"line":60,"column":88}},"type":"cond-expr","locations":[{"start":{"line":60,"column":57},"end":{"line":60,"column":62}},{"start":{"line":60,"column":65},"end":{"line":60,"column":88}}],"line":60},"2":{"loc":{"start":{"line":86,"column":32},"end":{"line":89,"column":88}},"type":"cond-expr","locations":[{"start":{"line":87,"column":12},"end":{"line":89,"column":73}},{"start":{"line":89,"column":76},"end":{"line":89,"column":88}}],"line":86},"3":{"loc":{"start":{"line":86,"column":32},"end":{"line":86,"column":105}},"type":"binary-expr","locations":[{"start":{"line":86,"column":32},"end":{"line":86,"column":70}},{"start":{"line":86,"column":74},"end":{"line":86,"column":105}}],"line":86},"4":{"loc":{"start":{"line":91,"column":8},"end":{"line":95,"column":9}},"type":"if","locations":[{"start":{"line":91,"column":8},"end":{"line":95,"column":9}},{"start":{"line":91,"column":8},"end":{"line":95,"column":9}}],"line":91},"5":{"loc":{"start":{"line":91,"column":12},"end":{"line":91,"column":74}},"type":"binary-expr","locations":[{"start":{"line":91,"column":12},"end":{"line":91,"column":29}},{"start":{"line":91,"column":33},"end":{"line":91,"column":74}}],"line":91},"6":{"loc":{"start":{"line":103,"column":8},"end":{"line":104,"column":34}},"type":"if","locations":[{"start":{"line":103,"column":8},"end":{"line":104,"column":34}},{"start":{"line":103,"column":8},"end":{"line":104,"column":34}}],"line":103},"7":{"loc":{"start":{"line":114,"column":12},"end":{"line":125,"column":13}},"type":"if","locations":[{"start":{"line":114,"column":12},"end":{"line":125,"column":13}},{"start":{"line":114,"column":12},"end":{"line":125,"column":13}}],"line":114},"8":{"loc":{"start":{"line":117,"column":24},"end":{"line":121,"column":25}},"type":"if","locations":[{"start":{"line":117,"column":24},"end":{"line":121,"column":25}},{"start":{"line":117,"column":24},"end":{"line":121,"column":25}}],"line":117},"9":{"loc":{"start":{"line":131,"column":15},"end":{"line":131,"column":72}},"type":"binary-expr","locations":[{"start":{"line":131,"column":15},"end":{"line":131,"column":48}},{"start":{"line":131,"column":52},"end":{"line":131,"column":72}}],"line":131},"10":{"loc":{"start":{"line":135,"column":8},"end":{"line":139,"column":9}},"type":"if","locations":[{"start":{"line":135,"column":8},"end":{"line":139,"column":9}},{"start":{"line":135,"column":8},"end":{"line":139,"column":9}}],"line":135},"11":{"loc":{"start":{"line":142,"column":29},"end":{"line":142,"column":59}},"type":"default-arg","locations":[{"start":{"line":142,"column":41},"end":{"line":142,"column":59}}],"line":142}},"s":{"0":8,"1":8,"2":8,"3":15,"4":0,"5":0,"6":15,"7":60,"8":15,"9":15,"10":15,"11":2,"12":15,"13":0,"14":1,"15":1,"16":16,"17":16,"18":1,"19":1,"20":1,"21":16,"22":16,"23":18,"24":16,"25":2,"26":2,"27":2,"28":5,"29":2,"30":2,"31":2,"32":1,"33":0,"34":0,"35":0,"36":1,"37":2,"38":2,"39":2,"40":1,"41":1,"42":1,"43":1},"f":{"0":8,"1":15,"2":0,"3":0,"4":15,"5":60,"6":15,"7":2,"8":15,"9":0,"10":1,"11":16,"12":18,"13":2,"14":2,"15":0,"16":2,"17":2,"18":1},"b":{"0":[12,3],"1":[12,3],"2":[12,4],"3":[16,15],"4":[1,15],"5":[16,14],"6":[16,2],"7":[1,1],"8":[0,0],"9":[2,1],"10":[1,1],"11":[0]},"_coverageSchema":"1a1c01bbd47fc00a2c39e90264f33305004495a9","hash":"79ade791feded0180d7dc21815a7544e09fc5baa"}
,"/home/jbayless/Desktop/cs314/t09/client/src/utils/KMLMap.js": {"path":"/home/jbayless/Desktop/cs314/t09/client/src/utils/KMLMap.js","statementMap":{"0":{"start":{"line":1,"column":22},"end":{"line":19,"column":20}}},"fnMap":{},"branchMap":{},"s":{"0":6},"f":{},"b":{},"_coverageSchema":"1a1c01bbd47fc00a2c39e90264f33305004495a9","hash":"c857bb236080efd85138d7a0b1df055376ed5caa"}
,"/home/jbayless/Desktop/cs314/t09/client/src/utils/SVGMap.js": {"path":"/home/jbayless/Desktop/cs314/t09/client/src/utils/SVGMap.js","statementMap":{"0":{"start":{"line":1,"column":22},"end":{"line":419,"column":41}}},"fnMap":{},"branchMap":{},"s":{"0":6},"f":{},"b":{},"_coverageSchema":"1a1c01bbd47fc00a2c39e90264f33305004495a9","hash":"ca8bb0c58ad859cb77f3c28e5bdfa8285594088a"}
,"/home/jbayless/Desktop/cs314/t09/client/src/utils/constants.js": {"path":"/home/jbayless/Desktop/cs314/t09/client/src/utils/constants.js","statementMap":{"0":{"start":{"line":4,"column":22},"end":{"line":4,"column":44}},"1":{"start":{"line":5,"column":22},"end":{"line":5,"column":52}},"2":{"start":{"line":6,"column":4},"end":{"line":8,"column":5}},"3":{"start":{"line":7,"column":8},"end":{"line":7,"column":31}},"4":{"start":{"line":11,"column":0},"end":{"line":11,"column":23}},"5":{"start":{"line":13,"column":19},"end":{"line":13,"column":30}},"6":{"start":{"line":15,"column":32},"end":{"line":15,"column":59}},"7":{"start":{"line":17,"column":42},"end":{"line":17,"column":59}},"8":{"start":{"line":18,"column":37},"end":{"line":18,"column":43}},"9":{"start":{"line":19,"column":37},"end":{"line":19,"column":43}},"10":{"start":{"line":21,"column":32},"end":{"line":21,"column":33}},"11":{"start":{"line":23,"column":29},"end":{"line":23,"column":30}},"12":{"start":{"line":24,"column":37},"end":{"line":24,"column":38}},"13":{"start":{"line":25,"column":38},"end":{"line":25,"column":39}},"14":{"start":{"line":27,"column":23},"end":{"line":27,"column":26}},"15":{"start":{"line":28,"column":32},"end":{"line":28,"column":35}},"16":{"start":{"line":29,"column":42},"end":{"line":29,"column":45}},"17":{"start":{"line":30,"column":28},"end":{"line":30,"column":73}}},"fnMap":{"0":{"name":"setLogLevelIfDefault","decl":{"start":{"line":3,"column":9},"end":{"line":3,"column":29}},"loc":{"start":{"line":3,"column":32},"end":{"line":9,"column":1}},"line":3}},"branchMap":{"0":{"loc":{"start":{"line":6,"column":4},"end":{"line":8,"column":5}},"type":"if","locations":[{"start":{"line":6,"column":4},"end":{"line":8,"column":5}},{"start":{"line":6,"column":4},"end":{"line":8,"column":5}}],"line":6}},"s":{"0":6,"1":6,"2":6,"3":6,"4":6,"5":6,"6":6,"7":6,"8":6,"9":6,"10":6,"11":6,"12":6,"13":6,"14":6,"15":6,"16":6,"17":6},"f":{"0":6},"b":{"0":[6,0]},"_coverageSchema":"1a1c01bbd47fc00a2c39e90264f33305004495a9","hash":"a28e8a61acd735f0aa5c69d4d65e4e01d2797312"}
,"/home/jbayless/Desktop/cs314/t09/client/src/utils/format.js": {"path":"/home/jbayless/Desktop/cs314/t09/client/src/utils/format.js","statementMap":{"0":{"start":{"line":5,"column":4},"end":{"line":11,"column":6}}},"fnMap":{"0":{"name":"renderRowAndCol","decl":{"start":{"line":4,"column":16},"end":{"line":4,"column":31}},"loc":{"start":{"line":4,"column":44},"end":{"line":12,"column":1}},"line":4}},"branchMap":{},"s":{"0":7},"f":{"0":7},"b":{},"_coverageSchema":"1a1c01bbd47fc00a2c39e90264f33305004495a9","hash":"3c735102a2c4ae7347d0cf0613b74bcb482912b6"}
,"/home/jbayless/Desktop/cs314/t09/client/src/utils/restfulAPI.js": {"path":"/home/jbayless/Desktop/cs314/t09/client/src/utils/restfulAPI.js","statementMap":{"0":{"start":{"line":5,"column":2},"end":{"line":6,"column":31}},"1":{"start":{"line":5,"column":8},"end":{"line":5,"column":108}},"2":{"start":{"line":6,"column":17},"end":{"line":6,"column":29}},"3":{"start":{"line":10,"column":25},"end":{"line":10,"column":42}},"4":{"start":{"line":11,"column":21},"end":{"line":11,"column":38}},"5":{"start":{"line":12,"column":21},"end":{"line":12,"column":34}},"6":{"start":{"line":13,"column":24},"end":{"line":13,"column":47}},"7":{"start":{"line":14,"column":2},"end":{"line":14,"column":95}},"8":{"start":{"line":18,"column":29},"end":{"line":18,"column":38}},"9":{"start":{"line":19,"column":17},"end":{"line":19,"column":53}},"10":{"start":{"line":20,"column":2},"end":{"line":20,"column":26}},"11":{"start":{"line":24,"column":13},"end":{"line":24,"column":51}},"12":{"start":{"line":25,"column":10},"end":{"line":25,"column":37}},"13":{"start":{"line":26,"column":12},"end":{"line":26,"column":37}},"14":{"start":{"line":27,"column":2},"end":{"line":27,"column":15}},"15":{"start":{"line":28,"column":2},"end":{"line":28,"column":24}},"16":{"start":{"line":29,"column":2},"end":{"line":29,"column":31}},"17":{"start":{"line":30,"column":2},"end":{"line":30,"column":12}},"18":{"start":{"line":31,"column":2},"end":{"line":34,"column":8}},"19":{"start":{"line":32,"column":4},"end":{"line":32,"column":33}},"20":{"start":{"line":33,"column":4},"end":{"line":33,"column":36}}},"fnMap":{"0":{"name":"sendServerRequest","decl":{"start":{"line":4,"column":22},"end":{"line":4,"column":39}},"loc":{"start":{"line":4,"column":89},"end":{"line":7,"column":1}},"line":4},"1":{"name":"getOriginalServerPort","decl":{"start":{"line":9,"column":16},"end":{"line":9,"column":37}},"loc":{"start":{"line":9,"column":40},"end":{"line":15,"column":1}},"line":9},"2":{"name":"isJsonResponseValid","decl":{"start":{"line":17,"column":16},"end":{"line":17,"column":35}},"loc":{"start":{"line":17,"column":52},"end":{"line":21,"column":1}},"line":17},"3":{"name":"downloadFile","decl":{"start":{"line":23,"column":16},"end":{"line":23,"column":28}},"loc":{"start":{"line":23,"column":59},"end":{"line":35,"column":1}},"line":23},"4":{"name":"(anonymous_4)","decl":{"start":{"line":31,"column":13},"end":{"line":31,"column":14}},"loc":{"start":{"line":31,"column":24},"end":{"line":34,"column":3}},"line":31}},"branchMap":{"0":{"loc":{"start":{"line":4,"column":53},"end":{"line":4,"column":87}},"type":"default-arg","locations":[{"start":{"line":4,"column":64},"end":{"line":4,"column":87}}],"line":4},"1":{"loc":{"start":{"line":14,"column":48},"end":{"line":14,"column":91}},"type":"cond-expr","locations":[{"start":{"line":14,"column":65},"end":{"line":14,"column":75}},{"start":{"line":14,"column":78},"end":{"line":14,"column":91}}],"line":14}},"s":{"0":3,"1":3,"2":0,"3":2,"4":2,"5":2,"6":2,"7":2,"8":2,"9":2,"10":2,"11":0,"12":0,"13":0,"14":0,"15":0,"16":0,"17":0,"18":0,"19":0,"20":0},"f":{"0":3,"1":2,"2":2,"3":0,"4":0},"b":{"0":[1],"1":[2,0]},"_coverageSchema":"1a1c01bbd47fc00a2c39e90264f33305004495a9","hash":"c57e47f5ab905b48d52cbca4d2d22205138f46ed"}
}
