TN:
SF:src/entry.js
FNF:0
FNH:0
DA:8,0
LF:1
LH:0
BRF:0
BRH:0
end_of_record
TN:
SF:src/components/App.js
FN:9,(anonymous_0)
FN:18,(anonymous_1)
FN:21,(anonymous_2)
FNF:3
FNH:1
FNDA:2,(anonymous_0)
FNDA:0,(anonymous_1)
FNDA:0,(anonymous_2)
DA:10,2
DA:18,1
DA:20,0
DA:21,0
DA:23,0
LF:5
LH:2
BRDA:21,0,0,0
BRF:1
BRH:0
end_of_record
TN:
SF:src/components/Page.js
FN:16,(anonymous_0)
FN:28,(anonymous_1)
FN:34,(anonymous_2)
FN:48,(anonymous_3)
FN:56,(anonymous_4)
FN:65,(anonymous_5)
FN:69,(anonymous_6)
FN:77,(anonymous_7)
FN:83,(anonymous_8)
FNF:9
FNH:5
FNDA:1,(anonymous_0)
FNDA:0,(anonymous_1)
FNDA:2,(anonymous_2)
FNDA:2,(anonymous_3)
FNDA:2,(anonymous_4)
FNDA:0,(anonymous_5)
FNDA:0,(anonymous_6)
FNDA:1,(anonymous_7)
FNDA:0,(anonymous_8)
DA:17,1
DA:19,1
DA:24,1
DA:25,1
DA:27,1
DA:29,0
DA:30,0
DA:35,2
DA:49,2
DA:57,2
DA:66,0
DA:70,0
DA:71,0
DA:73,0
DA:78,1
DA:79,1
DA:80,1
DA:84,0
DA:85,0
DA:86,0
DA:87,0
DA:88,0
LF:22
LH:11
BRDA:29,0,0,0
BRDA:29,0,1,0
BRDA:70,1,0,0
BRDA:70,1,1,0
BRDA:77,2,0,0
BRF:5
BRH:0
end_of_record
TN:
SF:src/components/About/About.js
FN:60,(anonymous_0)
FN:85,(anonymous_1)
FN:99,(anonymous_2)
FNF:3
FNH:3
FNDA:2,(anonymous_0)
FNDA:2,(anonymous_1)
FNDA:10,(anonymous_2)
DA:11,2
DA:21,2
DA:29,2
DA:37,2
DA:47,2
DA:61,2
DA:86,2
DA:100,10
LF:8
LH:8
BRF:0
BRH:0
end_of_record
TN:
SF:src/components/Atlas/Atlas.js
FN:38,(anonymous_0)
FN:61,(anonymous_1)
FN:78,(anonymous_2)
FN:106,(anonymous_3)
FN:115,(anonymous_4)
FN:130,(anonymous_5)
FN:138,(anonymous_6)
FN:151,(anonymous_7)
FN:158,(anonymous_8)
FN:172,(anonymous_9)
FN:176,(anonymous_10)
FN:177,(anonymous_11)
FN:193,(anonymous_12)
FN:197,(anonymous_13)
FN:208,(anonymous_14)
FN:217,(anonymous_15)
FN:226,(anonymous_16)
FN:238,(anonymous_17)
FN:251,(anonymous_18)
FN:262,(anonymous_19)
FNF:20
FNH:11
FNDA:3,(anonymous_0)
FNDA:5,(anonymous_1)
FNDA:5,(anonymous_2)
FNDA:5,(anonymous_3)
FNDA:5,(anonymous_4)
FNDA:5,(anonymous_5)
FNDA:5,(anonymous_6)
FNDA:0,(anonymous_7)
FNDA:5,(anonymous_8)
FNDA:1,(anonymous_9)
FNDA:25,(anonymous_10)
FNDA:0,(anonymous_11)
FNDA:1,(anonymous_12)
FNDA:0,(anonymous_13)
FNDA:0,(anonymous_14)
FNDA:0,(anonymous_15)
FNDA:0,(anonymous_16)
FNDA:0,(anonymous_17)
FNDA:0,(anonymous_18)
FNDA:0,(anonymous_19)
DA:25,3
DA:26,3
DA:27,3
DA:28,3
DA:29,3
DA:30,3
DA:31,3
DA:32,3
DA:33,3
DA:34,3
DA:39,3
DA:41,3
DA:42,3
DA:43,3
DA:44,3
DA:45,3
DA:46,3
DA:48,3
DA:62,5
DA:79,5
DA:107,5
DA:116,5
DA:131,5
DA:132,0
DA:139,5
DA:140,0
DA:141,0
DA:142,0
DA:143,0
DA:144,0
DA:145,0
DA:147,0
DA:152,0
DA:153,0
DA:154,0
DA:159,5
DA:160,0
DA:161,0
DA:162,0
DA:163,0
DA:165,0
DA:166,0
DA:168,0
DA:173,1
DA:177,25
DA:178,0
DA:179,0
DA:183,25
DA:184,1
DA:194,1
DA:198,0
DA:199,0
DA:201,0
DA:209,0
DA:210,0
DA:212,0
DA:218,0
DA:220,0
DA:222,0
DA:227,0
DA:228,0
DA:229,0
DA:230,0
DA:239,0
DA:240,0
DA:241,0
DA:242,0
DA:248,0
DA:252,0
DA:253,0
DA:254,0
DA:256,0
DA:259,0
DA:263,0
LF:74
LH:30
BRDA:131,0,0,0
BRDA:131,0,1,5
BRDA:131,1,0,5
BRDA:131,1,1,0
BRDA:139,2,0,0
BRDA:139,2,1,5
BRDA:152,3,0,0
BRDA:152,3,1,0
BRDA:159,4,0,0
BRDA:159,4,1,5
BRDA:165,5,0,0
BRDA:165,5,1,0
BRDA:178,6,0,0
BRDA:178,6,1,0
BRDA:183,7,0,1
BRDA:183,7,1,24
BRDA:198,8,0,0
BRDA:198,8,1,0
BRDA:198,9,0,0
BRDA:198,9,1,0
BRDA:209,10,0,0
BRDA:209,10,1,0
BRDA:218,11,0,0
BRDA:218,11,1,0
BRF:24
BRH:6
end_of_record
TN:
SF:src/components/Atlas/GPS.js
FN:10,(anonymous_0)
FN:22,(anonymous_1)
FN:27,(anonymous_2)
FN:33,(anonymous_3)
FN:42,(anonymous_4)
FN:48,(anonymous_5)
FN:52,(anonymous_6)
FN:59,(anonymous_7)
FN:63,(anonymous_8)
FNF:9
FNH:6
FNDA:2,(anonymous_0)
FNDA:2,(anonymous_1)
FNDA:3,(anonymous_2)
FNDA:3,(anonymous_3)
FNDA:2,(anonymous_4)
FNDA:2,(anonymous_5)
FNDA:0,(anonymous_6)
FNDA:0,(anonymous_7)
FNDA:0,(anonymous_8)
DA:4,4
DA:6,4
DA:11,2
DA:13,2
DA:14,2
DA:16,2
DA:23,2
DA:28,3
DA:34,3
DA:43,2
DA:44,0
DA:49,2
DA:53,0
DA:60,0
DA:64,0
LF:15
LH:11
BRDA:43,0,0,0
BRDA:43,0,1,2
BRF:2
BRH:1
end_of_record
TN:
SF:src/components/Atlas/Itinerary.js
FN:7,(anonymous_0)
FN:15,(anonymous_1)
FN:23,(anonymous_2)
FN:24,(anonymous_3)
FN:42,(anonymous_4)
FN:64,(anonymous_5)
FN:78,(anonymous_6)
FN:92,(anonymous_7)
FN:101,(anonymous_8)
FNF:9
FNH:6
FNDA:1,(anonymous_0)
FNDA:2,(anonymous_1)
FNDA:2,(anonymous_2)
FNDA:0,(anonymous_3)
FNDA:2,(anonymous_4)
FNDA:2,(anonymous_5)
FNDA:0,(anonymous_6)
FNDA:2,(anonymous_7)
FNDA:0,(anonymous_8)
DA:8,1
DA:9,1
DA:16,2
DA:24,2
DA:25,2
DA:43,2
DA:65,2
DA:66,2
DA:67,0
DA:68,0
DA:69,0
DA:70,0
DA:71,0
DA:72,0
DA:73,0
DA:74,0
DA:75,0
DA:76,0
DA:77,0
DA:78,0
DA:79,0
DA:80,0
DA:81,0
DA:82,0
DA:89,0
DA:93,2
DA:94,0
DA:101,1
DA:104,0
DA:105,0
DA:106,0
DA:108,0
DA:109,0
DA:110,0
DA:112,0
DA:113,0
DA:114,0
LF:37
LH:10
BRDA:65,0,0,2
BRDA:65,0,1,0
BRDA:93,1,0,0
BRDA:93,1,1,2
BRF:4
BRH:2
end_of_record
TN:
SF:src/components/Atlas/ModifyTrip.js
FN:6,(anonymous_0)
FN:13,(anonymous_1)
FN:21,(anonymous_2)
FN:25,(anonymous_3)
FN:30,(anonymous_4)
FN:40,(anonymous_5)
FN:56,(anonymous_6)
FN:68,(anonymous_7)
FN:72,(anonymous_8)
FN:76,(anonymous_9)
FN:82,(anonymous_10)
FN:91,(anonymous_11)
FN:100,(anonymous_12)
FN:101,(anonymous_13)
FN:117,(anonymous_14)
FN:123,(anonymous_15)
FNF:16
FNH:0
FNDA:0,(anonymous_0)
FNDA:0,(anonymous_1)
FNDA:0,(anonymous_2)
FNDA:0,(anonymous_3)
FNDA:0,(anonymous_4)
FNDA:0,(anonymous_5)
FNDA:0,(anonymous_6)
FNDA:0,(anonymous_7)
FNDA:0,(anonymous_8)
FNDA:0,(anonymous_9)
FNDA:0,(anonymous_10)
FNDA:0,(anonymous_11)
FNDA:0,(anonymous_12)
FNDA:0,(anonymous_13)
FNDA:0,(anonymous_14)
FNDA:0,(anonymous_15)
DA:7,0
DA:8,0
DA:14,0
DA:22,0
DA:26,0
DA:27,0
DA:31,0
DA:32,0
DA:33,0
DA:34,0
DA:36,0
DA:40,0
DA:41,0
DA:42,0
DA:43,0
DA:44,0
DA:45,0
DA:46,0
DA:49,0
DA:50,0
DA:52,0
DA:57,0
DA:69,0
DA:70,0
DA:73,0
DA:74,0
DA:77,0
DA:78,0
DA:79,0
DA:82,0
DA:83,0
DA:84,0
DA:86,0
DA:88,0
DA:91,0
DA:92,0
DA:93,0
DA:95,0
DA:97,0
DA:100,0
DA:101,0
DA:102,0
DA:104,0
DA:118,0
DA:123,0
LF:45
LH:0
BRDA:27,0,0,0
BRDA:27,0,1,0
BRDA:27,1,0,0
BRDA:27,1,1,0
BRDA:31,2,0,0
BRDA:31,2,1,0
BRDA:42,3,0,0
BRDA:42,3,1,0
BRDA:44,4,0,0
BRDA:44,4,1,0
BRDA:84,5,0,0
BRDA:84,5,1,0
BRDA:84,6,0,0
BRDA:84,6,1,0
BRDA:93,7,0,0
BRDA:93,7,1,0
BRF:16
BRH:0
end_of_record
TN:
SF:src/components/Atlas/NavigationBar.js
FN:16,(anonymous_0)
FN:20,(anonymous_1)
FN:32,(anonymous_2)
FN:43,(anonymous_3)
FN:51,(anonymous_4)
FN:63,(anonymous_5)
FN:75,(anonymous_6)
FNF:7
FNH:7
FNDA:1,(anonymous_0)
FNDA:2,(anonymous_1)
FNDA:6,(anonymous_2)
FNDA:2,(anonymous_3)
FNDA:2,(anonymous_4)
FNDA:2,(anonymous_5)
FNDA:2,(anonymous_6)
DA:10,4
DA:11,4
DA:12,4
DA:17,1
DA:21,2
DA:33,6
DA:44,2
DA:52,2
DA:64,2
DA:76,2
LF:10
LH:10
BRF:0
BRH:0
end_of_record
TN:
SF:src/components/Atlas/ReverseGeocode.js
FN:4,getAddressFromCoordinates
FN:5,(anonymous_1)
FN:8,(anonymous_2)
FN:9,(anonymous_3)
FN:16,(anonymous_4)
FNF:5
FNH:0
FNDA:0,getAddressFromCoordinates
FNDA:0,(anonymous_1)
FNDA:0,(anonymous_2)
FNDA:0,(anonymous_3)
FNDA:0,(anonymous_4)
DA:5,0
DA:6,0
DA:7,0
DA:8,0
DA:10,0
DA:11,0
DA:13,0
DA:17,0
DA:18,0
LF:9
LH:0
BRDA:10,0,0,0
BRDA:10,0,1,0
BRDA:10,1,0,0
BRDA:10,1,1,0
BRF:4
BRH:0
end_of_record
TN:
SF:src/components/Atlas/SaveLoad.js
FN:24,(anonymous_0)
FN:36,(anonymous_1)
FN:49,(anonymous_2)
FN:50,(anonymous_3)
FN:68,(anonymous_4)
FN:69,(anonymous_5)
FN:85,(anonymous_6)
FN:86,(anonymous_7)
FN:92,(anonymous_8)
FN:93,(anonymous_9)
FN:103,(anonymous_10)
FN:129,(anonymous_11)
FN:139,(anonymous_12)
FN:163,(anonymous_13)
FN:181,(anonymous_14)
FN:196,(anonymous_15)
FN:202,(anonymous_16)
FN:208,(anonymous_17)
FN:215,(anonymous_18)
FN:230,(anonymous_19)
FN:242,(anonymous_20)
FNF:21
FNH:14
FNDA:9,(anonymous_0)
FNDA:10,(anonymous_1)
FNDA:10,(anonymous_2)
FNDA:0,(anonymous_3)
FNDA:10,(anonymous_4)
FNDA:0,(anonymous_5)
FNDA:10,(anonymous_6)
FNDA:0,(anonymous_7)
FNDA:10,(anonymous_8)
FNDA:0,(anonymous_9)
FNDA:0,(anonymous_10)
FNDA:0,(anonymous_11)
FNDA:0,(anonymous_12)
FNDA:2,(anonymous_13)
FNDA:1,(anonymous_14)
FNDA:4,(anonymous_15)
FNDA:1,(anonymous_16)
FNDA:1,(anonymous_17)
FNDA:1,(anonymous_18)
FNDA:1,(anonymous_19)
FNDA:1,(anonymous_20)
DA:10,6
DA:11,6
DA:12,6
DA:13,6
DA:14,6
DA:15,6
DA:16,6
DA:17,6
DA:18,6
DA:19,6
DA:20,6
DA:25,9
DA:27,9
DA:32,9
DA:33,9
DA:37,10
DA:50,10
DA:51,10
DA:69,10
DA:70,10
DA:86,10
DA:87,10
DA:93,10
DA:94,10
DA:103,9
DA:104,0
DA:105,0
DA:106,0
DA:108,0
DA:109,0
DA:111,0
DA:112,0
DA:113,0
DA:114,0
DA:115,0
DA:117,0
DA:118,0
DA:119,0
DA:120,0
DA:121,0
DA:123,0
DA:125,0
DA:129,9
DA:130,0
DA:131,0
DA:132,0
DA:133,0
DA:135,0
DA:140,0
DA:141,0
DA:142,0
DA:144,0
DA:145,0
DA:146,0
DA:148,0
DA:149,0
DA:150,0
DA:152,0
DA:153,0
DA:154,0
DA:156,0
DA:157,0
DA:158,0
DA:160,0
DA:164,2
DA:165,2
DA:167,1
DA:168,1
DA:169,1
DA:170,1
DA:171,1
DA:172,2
DA:173,2
DA:174,2
DA:175,2
DA:178,2
DA:182,1
DA:183,1
DA:184,0
DA:185,0
DA:186,0
DA:187,0
DA:189,0
DA:190,0
DA:192,1
DA:193,1
DA:197,4
DA:198,4
DA:199,4
DA:203,1
DA:204,1
DA:205,1
DA:209,1
DA:210,1
DA:211,1
DA:212,1
DA:216,1
DA:217,1
DA:218,0
DA:219,0
DA:220,0
DA:221,0
DA:223,0
DA:224,0
DA:226,1
DA:227,1
DA:231,1
DA:232,1
DA:233,1
DA:234,1
DA:235,1
DA:236,1
DA:238,1
DA:239,1
DA:243,1
DA:244,1
DA:245,1
DA:246,1
DA:247,1
DA:248,1
DA:249,1
DA:250,1
DA:251,1
DA:252,1
LF:124
LH:74
BRDA:112,0,0,0
BRDA:112,0,1,0
BRDA:142,1,0,0
BRDA:142,1,1,0
BRDA:142,1,2,0
BRDA:142,1,3,0
BRDA:165,2,0,1
BRDA:165,2,1,1
BRDA:183,3,0,0
BRDA:183,3,1,1
BRDA:217,4,0,0
BRDA:217,4,1,1
BRF:12
BRH:4
end_of_record
TN:
SF:src/components/Atlas/Search.js
FN:15,(anonymous_0)
FN:44,(anonymous_1)
FN:55,(anonymous_2)
FN:62,(anonymous_3)
FN:67,(anonymous_4)
FN:73,(anonymous_5)
FN:79,(anonymous_6)
FN:105,(anonymous_7)
FN:118,(anonymous_8)
FN:119,(anonymous_9)
FN:144,(anonymous_10)
FN:147,(anonymous_11)
FN:162,(anonymous_12)
FN:163,(anonymous_13)
FN:172,(anonymous_14)
FN:181,(anonymous_15)
FN:194,(anonymous_16)
FN:208,(anonymous_17)
FN:215,(anonymous_18)
FN:224,(anonymous_19)
FN:237,(anonymous_20)
FN:258,(anonymous_21)
FNF:22
FNH:12
FNDA:7,(anonymous_0)
FNDA:18,(anonymous_1)
FNDA:18,(anonymous_2)
FNDA:0,(anonymous_3)
FNDA:18,(anonymous_4)
FNDA:1,(anonymous_5)
FNDA:18,(anonymous_6)
FNDA:0,(anonymous_7)
FNDA:0,(anonymous_8)
FNDA:0,(anonymous_9)
FNDA:0,(anonymous_10)
FNDA:0,(anonymous_11)
FNDA:18,(anonymous_12)
FNDA:0,(anonymous_13)
FNDA:1,(anonymous_14)
FNDA:2,(anonymous_15)
FNDA:1,(anonymous_16)
FNDA:0,(anonymous_17)
FNDA:0,(anonymous_18)
FNDA:0,(anonymous_19)
FNDA:18,(anonymous_20)
FNDA:1,(anonymous_21)
DA:16,7
DA:18,7
DA:45,18
DA:56,18
DA:62,0
DA:68,18
DA:73,1
DA:80,18
DA:81,18
DA:82,18
DA:86,18
DA:87,0
DA:88,0
DA:89,0
DA:106,0
DA:119,0
DA:120,0
DA:121,0
DA:122,0
DA:123,0
DA:124,0
DA:125,0
DA:134,0
DA:135,0
DA:136,0
DA:141,0
DA:145,0
DA:146,0
DA:147,0
DA:148,0
DA:149,0
DA:150,0
DA:151,0
DA:153,0
DA:154,0
DA:155,0
DA:159,0
DA:163,18
DA:164,18
DA:173,1
DA:182,2
DA:183,2
DA:184,2
DA:185,2
DA:186,2
DA:187,2
DA:188,1
DA:190,1
DA:195,1
DA:201,1
DA:202,0
DA:207,1
DA:209,0
DA:210,0
DA:216,0
DA:217,0
DA:218,0
DA:220,0
DA:225,0
DA:226,0
DA:227,0
DA:228,0
DA:229,0
DA:230,0
DA:231,0
DA:233,0
DA:239,18
DA:241,0
DA:259,1
DA:260,0
DA:261,1
DA:262,0
LF:72
LH:27
BRDA:86,0,0,0
BRDA:86,0,1,18
BRDA:150,1,0,0
BRDA:150,1,1,0
BRDA:154,2,0,0
BRDA:154,2,1,0
BRDA:201,3,0,0
BRDA:201,3,1,1
BRDA:209,4,0,0
BRDA:209,4,1,0
BRDA:216,5,0,0
BRDA:216,5,1,0
BRDA:225,6,0,0
BRDA:225,6,1,0
BRDA:228,7,0,0
BRDA:228,7,1,0
BRDA:239,8,0,0
BRDA:239,8,1,18
BRDA:259,9,0,0
BRDA:259,9,1,1
BRDA:261,10,0,0
BRDA:261,10,1,1
BRF:22
BRH:5
end_of_record
TN:
SF:src/components/Atlas/Trip.js
FN:14,(anonymous_0)
FN:34,(anonymous_1)
FN:57,(anonymous_2)
FN:58,(anonymous_3)
FN:76,(anonymous_4)
FN:77,(anonymous_5)
FN:88,(anonymous_6)
FN:94,(anonymous_7)
FN:103,(anonymous_8)
FN:110,(anonymous_9)
FN:113,(anonymous_10)
FN:120,(anonymous_11)
FN:121,(anonymous_12)
FN:129,(anonymous_13)
FN:148,(anonymous_14)
FN:151,(anonymous_15)
FN:155,(anonymous_16)
FN:159,(anonymous_17)
FN:160,(anonymous_18)
FN:188,(anonymous_19)
FN:192,(anonymous_20)
FN:197,(anonymous_21)
FN:215,(anonymous_22)
FN:224,(anonymous_23)
FN:237,(anonymous_24)
FNF:25
FNH:10
FNDA:4,(anonymous_0)
FNDA:6,(anonymous_1)
FNDA:12,(anonymous_2)
FNDA:0,(anonymous_3)
FNDA:12,(anonymous_4)
FNDA:0,(anonymous_5)
FNDA:6,(anonymous_6)
FNDA:0,(anonymous_7)
FNDA:6,(anonymous_8)
FNDA:0,(anonymous_9)
FNDA:0,(anonymous_10)
FNDA:6,(anonymous_11)
FNDA:0,(anonymous_12)
FNDA:0,(anonymous_13)
FNDA:0,(anonymous_14)
FNDA:0,(anonymous_15)
FNDA:0,(anonymous_16)
FNDA:6,(anonymous_17)
FNDA:0,(anonymous_18)
FNDA:1,(anonymous_19)
FNDA:0,(anonymous_20)
FNDA:0,(anonymous_21)
FNDA:0,(anonymous_22)
FNDA:2,(anonymous_23)
FNDA:0,(anonymous_24)
DA:15,4
DA:17,4
DA:30,4
DA:31,4
DA:35,6
DA:58,12
DA:59,12
DA:77,12
DA:78,0
DA:79,0
DA:81,12
DA:89,6
DA:94,0
DA:103,4
DA:104,6
DA:105,0
DA:110,0
DA:113,0
DA:121,6
DA:122,0
DA:123,0
DA:124,0
DA:125,0
DA:126,0
DA:127,0
DA:128,0
DA:129,6
DA:130,6
DA:148,4
DA:149,0
DA:151,4
DA:152,0
DA:153,0
DA:155,4
DA:156,0
DA:160,6
DA:161,0
DA:162,0
DA:164,6
DA:165,6
DA:166,12
DA:172,6
DA:189,1
DA:193,0
DA:194,0
DA:198,0
DA:199,0
DA:200,0
DA:201,0
DA:203,0
DA:214,0
DA:216,0
DA:217,0
DA:219,0
DA:225,2
DA:226,2
DA:227,4
DA:228,2
DA:234,2
DA:238,0
DA:239,0
DA:241,0
DA:242,0
LF:63
LH:29
BRDA:104,0,0,0
BRDA:104,0,1,6
BRDA:123,1,0,0
BRDA:123,1,1,0
BRDA:125,2,0,0
BRDA:125,2,1,0
BRDA:127,3,0,0
BRDA:127,3,1,0
BRDA:200,4,0,0
BRDA:200,4,1,0
BRDA:216,5,0,0
BRDA:216,5,1,0
BRDA:227,6,0,2
BRDA:227,6,1,2
BRDA:238,7,0,0
BRDA:238,7,1,0
BRF:16
BRH:3
end_of_record
TN:
SF:src/components/Margins/Footer.js
FN:13,(anonymous_0)
FN:18,(anonymous_1)
FN:26,(anonymous_2)
FN:34,(anonymous_3)
FN:44,(anonymous_4)
FN:48,(anonymous_5)
FN:52,(anonymous_6)
FN:56,(anonymous_7)
FN:60,(anonymous_8)
FNF:9
FNH:7
FNDA:2,(anonymous_0)
FNDA:3,(anonymous_1)
FNDA:3,(anonymous_2)
FNDA:0,(anonymous_3)
FNDA:3,(anonymous_4)
FNDA:3,(anonymous_5)
FNDA:6,(anonymous_6)
FNDA:3,(anonymous_7)
FNDA:0,(anonymous_8)
DA:6,2
DA:7,2
DA:8,2
DA:9,2
DA:14,2
DA:15,2
DA:19,3
DA:27,3
DA:28,3
DA:29,3
DA:34,0
DA:45,3
DA:49,3
DA:53,6
DA:57,3
DA:60,0
LF:16
LH:14
BRDA:45,0,0,0
BRDA:45,0,1,3
BRDA:49,1,0,0
BRDA:49,1,1,3
BRDA:53,2,0,6
BRDA:53,2,1,4
BRDA:60,3,0,0
BRF:7
BRH:4
end_of_record
TN:
SF:src/components/Margins/Header.js
FN:12,(anonymous_0)
FNF:1
FNH:1
FNDA:2,(anonymous_0)
DA:8,2
DA:13,2
LF:2
LH:2
BRF:0
BRH:0
end_of_record
TN:
SF:src/components/Margins/ServerSettings.js
FN:10,(anonymous_0)
FN:22,(anonymous_1)
FN:25,(anonymous_2)
FN:26,(anonymous_3)
FN:34,(anonymous_4)
FN:45,(anonymous_5)
FN:58,(anonymous_6)
FN:62,(anonymous_7)
FN:71,(anonymous_8)
FN:74,(anonymous_9)
FN:75,(anonymous_10)
FN:85,(anonymous_11)
FN:102,(anonymous_12)
FN:112,(anonymous_13)
FN:113,(anonymous_14)
FN:116,(anonymous_15)
FN:129,(anonymous_16)
FN:134,(anonymous_17)
FN:142,(anonymous_18)
FNF:19
FNH:15
FNDA:8,(anonymous_0)
FNDA:15,(anonymous_1)
FNDA:0,(anonymous_2)
FNDA:0,(anonymous_3)
FNDA:15,(anonymous_4)
FNDA:60,(anonymous_5)
FNDA:15,(anonymous_6)
FNDA:2,(anonymous_7)
FNDA:15,(anonymous_8)
FNDA:0,(anonymous_9)
FNDA:1,(anonymous_10)
FNDA:16,(anonymous_11)
FNDA:18,(anonymous_12)
FNDA:2,(anonymous_13)
FNDA:2,(anonymous_14)
FNDA:0,(anonymous_15)
FNDA:2,(anonymous_16)
FNDA:2,(anonymous_17)
FNDA:1,(anonymous_18)
DA:11,8
DA:13,8
DA:19,8
DA:23,15
DA:25,0
DA:26,0
DA:35,15
DA:46,60
DA:59,15
DA:60,15
DA:61,15
DA:62,2
DA:72,15
DA:74,0
DA:76,1
DA:77,1
DA:86,16
DA:91,16
DA:92,1
DA:93,1
DA:94,1
DA:97,16
DA:99,16
DA:103,18
DA:104,16
DA:106,2
DA:107,2
DA:108,5
DA:109,2
DA:113,2
DA:114,2
DA:115,1
DA:117,0
DA:118,0
DA:120,0
DA:124,1
DA:130,2
DA:131,2
DA:135,2
DA:136,1
DA:138,1
DA:143,1
DA:144,1
LF:43
LH:37
BRDA:59,0,0,12
BRDA:59,0,1,3
BRDA:60,1,0,12
BRDA:60,1,1,3
BRDA:86,2,0,12
BRDA:86,2,1,4
BRDA:86,3,0,16
BRDA:86,3,1,15
BRDA:91,4,0,1
BRDA:91,4,1,15
BRDA:91,5,0,16
BRDA:91,5,1,14
BRDA:103,6,0,16
BRDA:103,6,1,2
BRDA:114,7,0,1
BRDA:114,7,1,1
BRDA:117,8,0,0
BRDA:117,8,1,0
BRDA:131,9,0,2
BRDA:131,9,1,1
BRDA:135,10,0,1
BRDA:135,10,1,1
BRDA:142,11,0,0
BRF:23
BRH:20
end_of_record
TN:
SF:src/utils/KMLMap.js
FNF:0
FNH:0
DA:1,6
LF:1
LH:1
BRF:0
BRH:0
end_of_record
TN:
SF:src/utils/SVGMap.js
FNF:0
FNH:0
DA:1,6
LF:1
LH:1
BRF:0
BRH:0
end_of_record
TN:
SF:src/utils/constants.js
FN:3,setLogLevelIfDefault
FNF:1
FNH:1
FNDA:6,setLogLevelIfDefault
DA:4,6
DA:5,6
DA:6,6
DA:7,6
DA:11,6
DA:13,6
DA:15,6
DA:17,6
DA:18,6
DA:19,6
DA:21,6
DA:23,6
DA:24,6
DA:25,6
DA:27,6
DA:28,6
DA:29,6
DA:30,6
LF:18
LH:18
BRDA:6,0,0,6
BRDA:6,0,1,0
BRF:2
BRH:1
end_of_record
TN:
SF:src/utils/format.js
FN:4,renderRowAndCol
FNF:1
FNH:1
FNDA:7,renderRowAndCol
DA:5,7
LF:1
LH:1
BRF:0
BRH:0
end_of_record
TN:
SF:src/utils/restfulAPI.js
FN:4,sendServerRequest
FN:9,getOriginalServerPort
FN:17,isJsonResponseValid
FN:23,downloadFile
FN:31,(anonymous_4)
FNF:5
FNH:3
FNDA:3,sendServerRequest
FNDA:2,getOriginalServerPort
FNDA:2,isJsonResponseValid
FNDA:0,downloadFile
FNDA:0,(anonymous_4)
DA:5,3
DA:6,0
DA:10,2
DA:11,2
DA:12,2
DA:13,2
DA:14,2
DA:18,2
DA:19,2
DA:20,2
DA:24,0
DA:25,0
DA:26,0
DA:27,0
DA:28,0
DA:29,0
DA:30,0
DA:31,0
DA:32,0
DA:33,0
LF:20
LH:9
BRDA:4,0,0,1
BRDA:14,1,0,2
BRDA:14,1,1,0
BRF:3
BRH:2
end_of_record
